{"C:\\Users\\braya\\Desktop\\Universidad\\5-Quinto Semestre\\FullStack 3\\Donaton-FullStack3\\donaton-frontend\\src\\components\\acopio\\PanelAdminAcopio.css": {"path":"C:\\Users\\braya\\Desktop\\Universidad\\5-Quinto Semestre\\FullStack 3\\Donaton-FullStack3\\donaton-frontend\\src\\components\\acopio\\PanelAdminAcopio.css","statementMap":{},"fnMap":{},"branchMap":{},"s":{},"f":{},"b":{},"meta":{"lastBranch":0,"lastFunction":0,"lastStatement":0,"seen":{},"fnNames":{}}}
,"C:\\Users\\braya\\Desktop\\Universidad\\5-Quinto Semestre\\FullStack 3\\Donaton-FullStack3\\donaton-frontend\\src\\components\\acopio\\PanelAdminAcopio.tsx": {"path":"C:\\Users\\braya\\Desktop\\Universidad\\5-Quinto Semestre\\FullStack 3\\Donaton-FullStack3\\donaton-frontend\\src\\components\\acopio\\PanelAdminAcopio.tsx","statementMap":{"0":{"start":{"line":15,"column":0},"end":{"line":15,"column":null}},"1":{"start":{"line":16,"column":0},"end":{"line":20,"column":null}},"2":{"start":{"line":22,"column":28},"end":{"line":28,"column":null}},"3":{"start":{"line":30,"column":27},"end":{"line":36,"column":null}},"4":{"start":{"line":38,"column":6},"end":{"line":45,"column":null}},"5":{"start":{"line":39,"column":12},"end":{"line":39,"column":null}},"6":{"start":{"line":40,"column":2},"end":{"line":40,"column":null}},"7":{"start":{"line":40,"column":65},"end":{"line":40,"column":null}},"8":{"start":{"line":41,"column":2},"end":{"line":41,"column":null}},"9":{"start":{"line":41,"column":43},"end":{"line":41,"column":null}},"10":{"start":{"line":42,"column":2},"end":{"line":42,"column":null}},"11":{"start":{"line":42,"column":35},"end":{"line":42,"column":null}},"12":{"start":{"line":43,"column":2},"end":{"line":43,"column":null}},"13":{"start":{"line":43,"column":114},"end":{"line":43,"column":null}},"14":{"start":{"line":44,"column":2},"end":{"line":44,"column":null}},"15":{"start":{"line":48,"column":8},"end":{"line":48,"column":null}},"16":{"start":{"line":49,"column":2},"end":{"line":51,"column":null}},"17":{"start":{"line":50,"column":4},"end":{"line":50,"column":null}},"18":{"start":{"line":50,"column":16},"end":{"line":50,"column":null}},"19":{"start":{"line":52,"column":2},"end":{"line":52,"column":null}},"20":{"start":{"line":55,"column":6},"end":{"line":63,"column":null}},"21":{"start":{"line":56,"column":2},"end":{"line":56,"column":null}},"22":{"start":{"line":56,"column":20},"end":{"line":56,"column":null}},"23":{"start":{"line":57,"column":2},"end":{"line":62,"column":null}},"24":{"start":{"line":58,"column":15},"end":{"line":58,"column":null}},"25":{"start":{"line":59,"column":4},"end":{"line":59,"column":null}},"26":{"start":{"line":61,"column":4},"end":{"line":61,"column":null}},"27":{"start":{"line":65,"column":6},"end":{"line":913,"column":null}},"28":{"start":{"line":66,"column":10},"end":{"line":66,"column":null}},"29":{"start":{"line":68,"column":18},"end":{"line":68,"column":null}},"30":{"start":{"line":69,"column":20},"end":{"line":69,"column":null}},"31":{"start":{"line":70,"column":20},"end":{"line":70,"column":null}},"32":{"start":{"line":72,"column":19},"end":{"line":72,"column":null}},"33":{"start":{"line":73,"column":21},"end":{"line":73,"column":null}},"34":{"start":{"line":74,"column":22},"end":{"line":74,"column":null}},"35":{"start":{"line":75,"column":22},"end":{"line":75,"column":null}},"36":{"start":{"line":77,"column":15},"end":{"line":77,"column":null}},"37":{"start":{"line":78,"column":23},"end":{"line":78,"column":null}},"38":{"start":{"line":80,"column":2},"end":{"line":82,"column":null}},"39":{"start":{"line":81,"column":4},"end":{"line":81,"column":null}},"40":{"start":{"line":84,"column":24},"end":{"line":84,"column":null}},"41":{"start":{"line":86,"column":29},"end":{"line":86,"column":null}},"42":{"start":{"line":87,"column":29},"end":{"line":87,"column":null}},"43":{"start":{"line":88,"column":30},"end":{"line":88,"column":null}},"44":{"start":{"line":90,"column":29},"end":{"line":90,"column":null}},"45":{"start":{"line":91,"column":32},"end":{"line":91,"column":null}},"46":{"start":{"line":92,"column":35},"end":{"line":92,"column":null}},"47":{"start":{"line":94,"column":31},"end":{"line":94,"column":null}},"48":{"start":{"line":95,"column":26},"end":{"line":95,"column":null}},"49":{"start":{"line":97,"column":20},"end":{"line":128,"column":null}},"50":{"start":{"line":98,"column":4},"end":{"line":127,"column":null}},"51":{"start":{"line":99,"column":49},"end":{"line":104,"column":null}},"52":{"start":{"line":106,"column":25},"end":{"line":106,"column":null}},"53":{"start":{"line":106,"column":43},"end":{"line":106,"column":75}},"54":{"start":{"line":107,"column":6},"end":{"line":112,"column":null}},"55":{"start":{"line":108,"column":8},"end":{"line":108,"column":null}},"56":{"start":{"line":109,"column":8},"end":{"line":111,"column":null}},"57":{"start":{"line":110,"column":10},"end":{"line":110,"column":null}},"58":{"start":{"line":114,"column":6},"end":{"line":114,"column":null}},"59":{"start":{"line":115,"column":6},"end":{"line":115,"column":null}},"60":{"start":{"line":117,"column":31},"end":{"line":117,"column":null}},"61":{"start":{"line":119,"column":12},"end":{"line":121,"column":null}},"62":{"start":{"line":120,"column":28},"end":{"line":120,"column":121}},"63":{"start":{"line":121,"column":26},"end":{"line":121,"column":111}},"64":{"start":{"line":122,"column":6},"end":{"line":122,"column":null}},"65":{"start":{"line":124,"column":6},"end":{"line":124,"column":null}},"66":{"start":{"line":126,"column":6},"end":{"line":126,"column":null}},"67":{"start":{"line":130,"column":2},"end":{"line":132,"column":null}},"68":{"start":{"line":131,"column":4},"end":{"line":131,"column":null}},"69":{"start":{"line":134,"column":21},"end":{"line":134,"column":null}},"70":{"start":{"line":136,"column":24},"end":{"line":136,"column":null}},"71":{"start":{"line":136,"column":47},"end":{"line":136,"column":76}},"72":{"start":{"line":137,"column":31},"end":{"line":140,"column":null}},"73":{"start":{"line":138,"column":15},"end":{"line":138,"column":null}},"74":{"start":{"line":139,"column":4},"end":{"line":139,"column":null}},"75":{"start":{"line":142,"column":30},"end":{"line":142,"column":null}},"76":{"start":{"line":142,"column":56},"end":{"line":142,"column":133}},"77":{"start":{"line":144,"column":25},"end":{"line":144,"column":null}},"78":{"start":{"line":144,"column":49},"end":{"line":144,"column":72}},"79":{"start":{"line":145,"column":29},"end":{"line":148,"column":null}},"80":{"start":{"line":146,"column":14},"end":{"line":146,"column":null}},"81":{"start":{"line":147,"column":4},"end":{"line":147,"column":null}},"82":{"start":{"line":149,"column":31},"end":{"line":149,"column":null}},"83":{"start":{"line":149,"column":58},"end":{"line":149,"column":123}},"84":{"start":{"line":151,"column":24},"end":{"line":151,"column":null}},"85":{"start":{"line":152,"column":2},"end":{"line":155,"column":null}},"86":{"start":{"line":153,"column":16},"end":{"line":153,"column":null}},"87":{"start":{"line":154,"column":4},"end":{"line":154,"column":null}},"88":{"start":{"line":156,"column":26},"end":{"line":159,"column":null}},"89":{"start":{"line":157,"column":31},"end":{"line":157,"column":null}},"90":{"start":{"line":158,"column":4},"end":{"line":158,"column":null}},"91":{"start":{"line":161,"column":8},"end":{"line":161,"column":null}},"92":{"start":{"line":162,"column":19},"end":{"line":162,"column":null}},"93":{"start":{"line":164,"column":40},"end":{"line":164,"column":null}},"94":{"start":{"line":165,"column":39},"end":{"line":165,"column":null}},"95":{"start":{"line":166,"column":30},"end":{"line":166,"column":null}},"96":{"start":{"line":167,"column":38},"end":{"line":167,"column":null}},"97":{"start":{"line":168,"column":40},"end":{"line":168,"column":null}},"98":{"start":{"line":170,"column":8},"end":{"line":198,"column":null}},"99":{"start":{"line":171,"column":4},"end":{"line":171,"column":null}},"100":{"start":{"line":171,"column":26},"end":{"line":171,"column":null}},"101":{"start":{"line":172,"column":4},"end":{"line":196,"column":null}},"102":{"start":{"line":182,"column":14},"end":{"line":182,"column":null}},"103":{"start":{"line":183,"column":14},"end":{"line":183,"column":null}},"104":{"start":{"line":192,"column":66},"end":{"line":192,"column":88}},"105":{"start":{"line":192,"column":79},"end":{"line":192,"column":84}},"106":{"start":{"line":193,"column":121},"end":{"line":193,"column":143}},"107":{"start":{"line":193,"column":134},"end":{"line":193,"column":139}},"108":{"start":{"line":200,"column":8},"end":{"line":202,"column":null}},"109":{"start":{"line":201,"column":4},"end":{"line":201,"column":null}},"110":{"start":{"line":201,"column":20},"end":{"line":201,"column":null}},"111":{"start":{"line":204,"column":36},"end":{"line":222,"column":null}},"112":{"start":{"line":205,"column":4},"end":{"line":205,"column":null}},"113":{"start":{"line":205,"column":53},"end":{"line":205,"column":null}},"114":{"start":{"line":206,"column":4},"end":{"line":206,"column":null}},"115":{"start":{"line":207,"column":4},"end":{"line":221,"column":null}},"116":{"start":{"line":208,"column":6},"end":{"line":208,"column":null}},"117":{"start":{"line":209,"column":6},"end":{"line":211,"column":null}},"118":{"start":{"line":209,"column":28},"end":{"line":211,"column":7}},"119":{"start":{"line":210,"column":8},"end":{"line":210,"column":null}},"120":{"start":{"line":212,"column":6},"end":{"line":212,"column":null}},"121":{"start":{"line":213,"column":6},"end":{"line":213,"column":null}},"122":{"start":{"line":214,"column":6},"end":{"line":214,"column":null}},"123":{"start":{"line":215,"column":6},"end":{"line":215,"column":null}},"124":{"start":{"line":217,"column":6},"end":{"line":217,"column":null}},"125":{"start":{"line":218,"column":6},"end":{"line":218,"column":null}},"126":{"start":{"line":220,"column":6},"end":{"line":220,"column":null}},"127":{"start":{"line":224,"column":32},"end":{"line":232,"column":null}},"128":{"start":{"line":225,"column":4},"end":{"line":231,"column":null}},"129":{"start":{"line":226,"column":6},"end":{"line":226,"column":null}},"130":{"start":{"line":227,"column":6},"end":{"line":227,"column":null}},"131":{"start":{"line":229,"column":6},"end":{"line":229,"column":null}},"132":{"start":{"line":230,"column":6},"end":{"line":230,"column":null}},"133":{"start":{"line":234,"column":32},"end":{"line":249,"column":null}},"134":{"start":{"line":235,"column":4},"end":{"line":235,"column":null}},"135":{"start":{"line":235,"column":74},"end":{"line":235,"column":null}},"136":{"start":{"line":236,"column":4},"end":{"line":236,"column":null}},"137":{"start":{"line":237,"column":4},"end":{"line":248,"column":null}},"138":{"start":{"line":238,"column":26},"end":{"line":238,"column":null}},"139":{"start":{"line":239,"column":6},"end":{"line":239,"column":null}},"140":{"start":{"line":240,"column":6},"end":{"line":240,"column":null}},"141":{"start":{"line":241,"column":6},"end":{"line":241,"column":null}},"142":{"start":{"line":242,"column":6},"end":{"line":242,"column":null}},"143":{"start":{"line":244,"column":6},"end":{"line":244,"column":null}},"144":{"start":{"line":245,"column":6},"end":{"line":245,"column":null}},"145":{"start":{"line":247,"column":6},"end":{"line":247,"column":null}},"146":{"start":{"line":253,"column":2},"end":{"line":260,"column":null}},"147":{"start":{"line":254,"column":4},"end":{"line":258,"column":null}},"148":{"start":{"line":262,"column":8},"end":{"line":276,"column":null}},"149":{"start":{"line":263,"column":21},"end":{"line":263,"column":null}},"150":{"start":{"line":264,"column":22},"end":{"line":264,"column":null}},"151":{"start":{"line":265,"column":21},"end":{"line":274,"column":null}},"152":{"start":{"line":266,"column":18},"end":{"line":266,"column":null}},"153":{"start":{"line":266,"column":44},"end":{"line":266,"column":145}},"154":{"start":{"line":267,"column":22},"end":{"line":267,"column":null}},"155":{"start":{"line":268,"column":6},"end":{"line":268,"column":null}},"156":{"start":{"line":268,"column":34},"end":{"line":268,"column":null}},"157":{"start":{"line":269,"column":6},"end":{"line":273,"column":null}},"158":{"start":{"line":275,"column":4},"end":{"line":275,"column":null}},"159":{"start":{"line":278,"column":2},"end":{"line":911,"column":null}},"160":{"start":{"line":298,"column":77},"end":{"line":298,"column":105}},"161":{"start":{"line":304,"column":87},"end":{"line":304,"column":125}},"162":{"start":{"line":309,"column":77},"end":{"line":309,"column":105}},"163":{"start":{"line":314,"column":74},"end":{"line":314,"column":99}},"164":{"start":{"line":320,"column":88},"end":{"line":320,"column":127}},"165":{"start":{"line":355,"column":50},"end":{"line":355,"column":null}},"166":{"start":{"line":356,"column":49},"end":{"line":356,"column":null}},"167":{"start":{"line":357,"column":49},"end":{"line":357,"column":null}},"168":{"start":{"line":359,"column":30},"end":{"line":427,"column":null}},"169":{"start":{"line":375,"column":89},"end":{"line":375,"column":116}},"170":{"start":{"line":378,"column":40},"end":{"line":382,"column":null}},"171":{"start":{"line":379,"column":42},"end":{"line":379,"column":null}},"172":{"start":{"line":380,"column":42},"end":{"line":380,"column":null}},"173":{"start":{"line":381,"column":42},"end":{"line":381,"column":null}},"174":{"start":{"line":387,"column":60},"end":{"line":387,"column":null}},"175":{"start":{"line":388,"column":61},"end":{"line":388,"column":null}},"176":{"start":{"line":406,"column":57},"end":{"line":406,"column":82}},"177":{"start":{"line":406,"column":82},"end":{"line":406,"column":113}},"178":{"start":{"line":412,"column":99},"end":{"line":412,"column":151}},"179":{"start":{"line":419,"column":55},"end":{"line":419,"column":null}},"180":{"start":{"line":445,"column":24},"end":{"line":453,"column":null}},"181":{"start":{"line":477,"column":22},"end":{"line":487,"column":null}},"182":{"start":{"line":520,"column":22},"end":{"line":533,"column":null}},"183":{"start":{"line":581,"column":49},"end":{"line":581,"column":null}},"184":{"start":{"line":582,"column":30},"end":{"line":589,"column":null}},"185":{"start":{"line":583,"column":32},"end":{"line":586,"column":null}},"186":{"start":{"line":584,"column":49},"end":{"line":584,"column":null}},"187":{"start":{"line":585,"column":34},"end":{"line":585,"column":null}},"188":{"start":{"line":585,"column":82},"end":{"line":585,"column":null}},"189":{"start":{"line":588,"column":32},"end":{"line":588,"column":null}},"190":{"start":{"line":591,"column":30},"end":{"line":641,"column":null}},"191":{"start":{"line":605,"column":97},"end":{"line":605,"column":137}},"192":{"start":{"line":612,"column":57},"end":{"line":612,"column":88}},"193":{"start":{"line":612,"column":88},"end":{"line":612,"column":117}},"194":{"start":{"line":659,"column":24},"end":{"line":668,"column":null}},"195":{"start":{"line":693,"column":36},"end":{"line":693,"column":null}},"196":{"start":{"line":694,"column":22},"end":{"line":703,"column":null}},"197":{"start":{"line":695,"column":24},"end":{"line":702,"column":null}},"198":{"start":{"line":696,"column":41},"end":{"line":696,"column":null}},"199":{"start":{"line":697,"column":26},"end":{"line":699,"column":null}},"200":{"start":{"line":698,"column":28},"end":{"line":698,"column":null}},"201":{"start":{"line":701,"column":26},"end":{"line":701,"column":null}},"202":{"start":{"line":705,"column":22},"end":{"line":717,"column":null}},"203":{"start":{"line":740,"column":55},"end":{"line":740,"column":85}},"204":{"start":{"line":749,"column":161},"end":{"line":749,"column":192}},"205":{"start":{"line":754,"column":93},"end":{"line":754,"column":123}},"206":{"start":{"line":770,"column":55},"end":{"line":770,"column":85}},"207":{"start":{"line":793,"column":22},"end":{"line":807,"column":null}},"208":{"start":{"line":816,"column":49},"end":{"line":816,"column":85}},"209":{"start":{"line":817,"column":37},"end":{"line":817,"column":null}},"210":{"start":{"line":821,"column":42},"end":{"line":821,"column":null}},"211":{"start":{"line":829,"column":93},"end":{"line":829,"column":123}},"212":{"start":{"line":836,"column":31},"end":{"line":836,"column":null}},"213":{"start":{"line":845,"column":55},"end":{"line":845,"column":87}},"214":{"start":{"line":895,"column":37},"end":{"line":895,"column":null}},"215":{"start":{"line":906,"column":53},"end":{"line":906,"column":85}}},"fnMap":{"0":{"name":"(anonymous_0)","decl":{"start":{"line":38,"column":6},"end":{"line":38,"column":23}},"loc":{"start":{"line":38,"column":42},"end":{"line":45,"column":null}},"line":38},"1":{"name":"ChangeView","decl":{"start":{"line":47,"column":9},"end":{"line":47,"column":20}},"loc":{"start":{"line":47,"column":62},"end":{"line":53,"column":null}},"line":47},"2":{"name":"(anonymous_2)","decl":{"start":{"line":49,"column":2},"end":{"line":49,"column":18}},"loc":{"start":{"line":49,"column":18},"end":{"line":51,"column":5}},"line":49},"3":{"name":"(anonymous_3)","decl":{"start":{"line":55,"column":6},"end":{"line":55,"column":23}},"loc":{"start":{"line":55,"column":66},"end":{"line":63,"column":null}},"line":55},"4":{"name":"(anonymous_4)","decl":{"start":{"line":65,"column":6},"end":{"line":65,"column":41}},"loc":{"start":{"line":65,"column":41},"end":{"line":913,"column":null}},"line":65},"5":{"name":"(anonymous_5)","decl":{"start":{"line":80,"column":2},"end":{"line":80,"column":18}},"loc":{"start":{"line":80,"column":18},"end":{"line":82,"column":5}},"line":80},"6":{"name":"(anonymous_6)","decl":{"start":{"line":97,"column":20},"end":{"line":97,"column":32}},"loc":{"start":{"line":97,"column":32},"end":{"line":128,"column":null}},"line":97},"7":{"name":"(anonymous_7)","decl":{"start":{"line":106,"column":33},"end":{"line":106,"column":38}},"loc":{"start":{"line":106,"column":43},"end":{"line":106,"column":75}},"line":106},"8":{"name":"(anonymous_8)","decl":{"start":{"line":120,"column":9},"end":{"line":120,"column":17}},"loc":{"start":{"line":120,"column":28},"end":{"line":120,"column":121}},"line":120},"9":{"name":"(anonymous_9)","decl":{"start":{"line":121,"column":9},"end":{"line":121,"column":14}},"loc":{"start":{"line":121,"column":26},"end":{"line":121,"column":111}},"line":121},"10":{"name":"(anonymous_10)","decl":{"start":{"line":130,"column":2},"end":{"line":130,"column":18}},"loc":{"start":{"line":130,"column":18},"end":{"line":132,"column":5}},"line":130},"11":{"name":"(anonymous_11)","decl":{"start":{"line":136,"column":35},"end":{"line":136,"column":42}},"loc":{"start":{"line":136,"column":47},"end":{"line":136,"column":76}},"line":136},"12":{"name":"(anonymous_12)","decl":{"start":{"line":137,"column":45},"end":{"line":137,"column":52}},"loc":{"start":{"line":137,"column":57},"end":{"line":140,"column":3}},"line":137},"13":{"name":"(anonymous_13)","decl":{"start":{"line":142,"column":44},"end":{"line":142,"column":51}},"loc":{"start":{"line":142,"column":56},"end":{"line":142,"column":133}},"line":142},"14":{"name":"(anonymous_14)","decl":{"start":{"line":144,"column":37},"end":{"line":144,"column":44}},"loc":{"start":{"line":144,"column":49},"end":{"line":144,"column":72}},"line":144},"15":{"name":"(anonymous_15)","decl":{"start":{"line":145,"column":44},"end":{"line":145,"column":51}},"loc":{"start":{"line":145,"column":56},"end":{"line":148,"column":3}},"line":145},"16":{"name":"(anonymous_16)","decl":{"start":{"line":149,"column":46},"end":{"line":149,"column":53}},"loc":{"start":{"line":149,"column":58},"end":{"line":149,"column":123}},"line":149},"17":{"name":"(anonymous_17)","decl":{"start":{"line":152,"column":22},"end":{"line":152,"column":30}},"loc":{"start":{"line":152,"column":35},"end":{"line":155,"column":3}},"line":152},"18":{"name":"(anonymous_18)","decl":{"start":{"line":156,"column":62},"end":{"line":156,"column":67}},"loc":{"start":{"line":156,"column":83},"end":{"line":159,"column":3}},"line":156},"19":{"name":"(anonymous_19)","decl":{"start":{"line":170,"column":8},"end":{"line":170,"column":30}},"loc":{"start":{"line":170,"column":53},"end":{"line":198,"column":null}},"line":170},"20":{"name":"(anonymous_20)","decl":{"start":{"line":181,"column":12},"end":{"line":181,"column":23}},"loc":{"start":{"line":181,"column":29},"end":{"line":184,"column":null}},"line":181},"21":{"name":"(anonymous_21)","decl":{"start":{"line":192,"column":51},"end":{"line":192,"column":66}},"loc":{"start":{"line":192,"column":66},"end":{"line":192,"column":88}},"line":192},"22":{"name":"(anonymous_22)","decl":{"start":{"line":192,"column":66},"end":{"line":192,"column":74}},"loc":{"start":{"line":192,"column":79},"end":{"line":192,"column":84}},"line":192},"23":{"name":"(anonymous_23)","decl":{"start":{"line":193,"column":106},"end":{"line":193,"column":121}},"loc":{"start":{"line":193,"column":121},"end":{"line":193,"column":143}},"line":193},"24":{"name":"(anonymous_24)","decl":{"start":{"line":193,"column":121},"end":{"line":193,"column":129}},"loc":{"start":{"line":193,"column":134},"end":{"line":193,"column":139}},"line":193},"25":{"name":"(anonymous_25)","decl":{"start":{"line":200,"column":8},"end":{"line":200,"column":23}},"loc":{"start":{"line":200,"column":68},"end":{"line":202,"column":null}},"line":200},"26":{"name":"(anonymous_26)","decl":{"start":{"line":204,"column":36},"end":{"line":204,"column":48}},"loc":{"start":{"line":204,"column":48},"end":{"line":222,"column":null}},"line":204},"27":{"name":"(anonymous_27)","decl":{"start":{"line":209,"column":6},"end":{"line":209,"column":20}},"loc":{"start":{"line":209,"column":28},"end":{"line":211,"column":7}},"line":209},"28":{"name":"(anonymous_28)","decl":{"start":{"line":209,"column":33},"end":{"line":209,"column":37}},"loc":{"start":{"line":210,"column":8},"end":{"line":210,"column":null}},"line":210},"29":{"name":"(anonymous_29)","decl":{"start":{"line":224,"column":32},"end":{"line":224,"column":39}},"loc":{"start":{"line":224,"column":62},"end":{"line":232,"column":null}},"line":224},"30":{"name":"(anonymous_30)","decl":{"start":{"line":234,"column":32},"end":{"line":234,"column":44}},"loc":{"start":{"line":234,"column":44},"end":{"line":249,"column":null}},"line":234},"31":{"name":"(anonymous_31)","decl":{"start":{"line":262,"column":8},"end":{"line":262,"column":30}},"loc":{"start":{"line":262,"column":55},"end":{"line":276,"column":null}},"line":262},"32":{"name":"(anonymous_32)","decl":{"start":{"line":265,"column":30},"end":{"line":265,"column":34}},"loc":{"start":{"line":265,"column":41},"end":{"line":274,"column":5}},"line":265},"33":{"name":"(anonymous_33)","decl":{"start":{"line":266,"column":34},"end":{"line":266,"column":39}},"loc":{"start":{"line":266,"column":44},"end":{"line":266,"column":145}},"line":266},"34":{"name":"(anonymous_34)","decl":{"start":{"line":298,"column":62},"end":{"line":298,"column":77}},"loc":{"start":{"line":298,"column":77},"end":{"line":298,"column":105}},"line":298},"35":{"name":"(anonymous_35)","decl":{"start":{"line":304,"column":72},"end":{"line":304,"column":87}},"loc":{"start":{"line":304,"column":87},"end":{"line":304,"column":125}},"line":304},"36":{"name":"(anonymous_36)","decl":{"start":{"line":309,"column":62},"end":{"line":309,"column":77}},"loc":{"start":{"line":309,"column":77},"end":{"line":309,"column":105}},"line":309},"37":{"name":"(anonymous_37)","decl":{"start":{"line":314,"column":59},"end":{"line":314,"column":74}},"loc":{"start":{"line":314,"column":74},"end":{"line":314,"column":99}},"line":314},"38":{"name":"(anonymous_38)","decl":{"start":{"line":320,"column":73},"end":{"line":320,"column":88}},"loc":{"start":{"line":320,"column":88},"end":{"line":320,"column":127}},"line":320},"39":{"name":"(anonymous_39)","decl":{"start":{"line":354,"column":59},"end":{"line":354,"column":63}},"loc":{"start":{"line":354,"column":70},"end":{"line":429,"column":29}},"line":354},"40":{"name":"(anonymous_40)","decl":{"start":{"line":375,"column":79},"end":{"line":375,"column":84}},"loc":{"start":{"line":375,"column":89},"end":{"line":375,"column":116}},"line":375},"41":{"name":"(anonymous_41)","decl":{"start":{"line":377,"column":38},"end":{"line":377,"column":49}},"loc":{"start":{"line":377,"column":55},"end":{"line":383,"column":null}},"line":377},"42":{"name":"(anonymous_42)","decl":{"start":{"line":387,"column":40},"end":{"line":387,"column":50}},"loc":{"start":{"line":387,"column":60},"end":{"line":387,"column":null}},"line":387},"43":{"name":"(anonymous_43)","decl":{"start":{"line":388,"column":40},"end":{"line":388,"column":52}},"loc":{"start":{"line":388,"column":61},"end":{"line":388,"column":null}},"line":388},"44":{"name":"(anonymous_44)","decl":{"start":{"line":406,"column":40},"end":{"line":406,"column":55}},"loc":{"start":{"line":406,"column":55},"end":{"line":406,"column":null}},"line":406},"45":{"name":"(anonymous_45)","decl":{"start":{"line":412,"column":84},"end":{"line":412,"column":99}},"loc":{"start":{"line":412,"column":99},"end":{"line":412,"column":151}},"line":412},"46":{"name":"(anonymous_46)","decl":{"start":{"line":419,"column":40},"end":{"line":419,"column":55}},"loc":{"start":{"line":419,"column":55},"end":{"line":419,"column":null}},"line":419},"47":{"name":"(anonymous_47)","decl":{"start":{"line":444,"column":44},"end":{"line":444,"column":48}},"loc":{"start":{"line":445,"column":24},"end":{"line":453,"column":null}},"line":445},"48":{"name":"(anonymous_48)","decl":{"start":{"line":476,"column":50},"end":{"line":476,"column":54}},"loc":{"start":{"line":477,"column":22},"end":{"line":487,"column":null}},"line":477},"49":{"name":"(anonymous_49)","decl":{"start":{"line":519,"column":41},"end":{"line":519,"column":46}},"loc":{"start":{"line":520,"column":22},"end":{"line":533,"column":null}},"line":520},"50":{"name":"(anonymous_50)","decl":{"start":{"line":580,"column":57},"end":{"line":580,"column":61}},"loc":{"start":{"line":580,"column":68},"end":{"line":643,"column":29}},"line":580},"51":{"name":"(anonymous_51)","decl":{"start":{"line":605,"column":82},"end":{"line":605,"column":97}},"loc":{"start":{"line":605,"column":97},"end":{"line":605,"column":137}},"line":605},"52":{"name":"(anonymous_52)","decl":{"start":{"line":612,"column":40},"end":{"line":612,"column":55}},"loc":{"start":{"line":612,"column":55},"end":{"line":612,"column":null}},"line":612},"53":{"name":"(anonymous_53)","decl":{"start":{"line":658,"column":42},"end":{"line":658,"column":46}},"loc":{"start":{"line":659,"column":24},"end":{"line":668,"column":null}},"line":659},"54":{"name":"(anonymous_54)","decl":{"start":{"line":692,"column":51},"end":{"line":692,"column":55}},"loc":{"start":{"line":692,"column":62},"end":{"line":719,"column":21}},"line":692},"55":{"name":"(anonymous_55)","decl":{"start":{"line":740,"column":41},"end":{"line":740,"column":55}},"loc":{"start":{"line":740,"column":55},"end":{"line":740,"column":85}},"line":740},"56":{"name":"(anonymous_56)","decl":{"start":{"line":749,"column":151},"end":{"line":749,"column":156}},"loc":{"start":{"line":749,"column":161},"end":{"line":749,"column":192}},"line":749},"57":{"name":"(anonymous_57)","decl":{"start":{"line":754,"column":78},"end":{"line":754,"column":93}},"loc":{"start":{"line":754,"column":93},"end":{"line":754,"column":123}},"line":754},"58":{"name":"(anonymous_58)","decl":{"start":{"line":770,"column":41},"end":{"line":770,"column":55}},"loc":{"start":{"line":770,"column":55},"end":{"line":770,"column":85}},"line":770},"59":{"name":"(anonymous_59)","decl":{"start":{"line":792,"column":72},"end":{"line":792,"column":77}},"loc":{"start":{"line":793,"column":22},"end":{"line":807,"column":null}},"line":793},"60":{"name":"(anonymous_60)","decl":{"start":{"line":816,"column":39},"end":{"line":816,"column":44}},"loc":{"start":{"line":816,"column":49},"end":{"line":816,"column":85}},"line":816},"61":{"name":"(anonymous_61)","decl":{"start":{"line":817,"column":20},"end":{"line":817,"column":31}},"loc":{"start":{"line":817,"column":37},"end":{"line":817,"column":null}},"line":817},"62":{"name":"(anonymous_62)","decl":{"start":{"line":821,"column":22},"end":{"line":821,"column":32}},"loc":{"start":{"line":821,"column":42},"end":{"line":821,"column":null}},"line":821},"63":{"name":"(anonymous_63)","decl":{"start":{"line":829,"column":78},"end":{"line":829,"column":93}},"loc":{"start":{"line":829,"column":93},"end":{"line":829,"column":123}},"line":829},"64":{"name":"(anonymous_64)","decl":{"start":{"line":836,"column":16},"end":{"line":836,"column":31}},"loc":{"start":{"line":836,"column":31},"end":{"line":836,"column":null}},"line":836},"65":{"name":"(anonymous_65)","decl":{"start":{"line":845,"column":41},"end":{"line":845,"column":55}},"loc":{"start":{"line":845,"column":55},"end":{"line":845,"column":87}},"line":845},"66":{"name":"(anonymous_66)","decl":{"start":{"line":895,"column":22},"end":{"line":895,"column":37}},"loc":{"start":{"line":895,"column":37},"end":{"line":895,"column":null}},"line":895},"67":{"name":"(anonymous_67)","decl":{"start":{"line":906,"column":38},"end":{"line":906,"column":53}},"loc":{"start":{"line":906,"column":53},"end":{"line":906,"column":85}},"line":906}},"branchMap":{"0":{"loc":{"start":{"line":40,"column":2},"end":{"line":40,"column":null}},"type":"if","locations":[{"start":{"line":40,"column":2},"end":{"line":40,"column":null}},{"start":{},"end":{}}],"line":40},"1":{"loc":{"start":{"line":40,"column":6},"end":{"line":40,"column":65}},"type":"binary-expr","locations":[{"start":{"line":40,"column":6},"end":{"line":40,"column":26}},{"start":{"line":40,"column":26},"end":{"line":40,"column":46}},{"start":{"line":40,"column":46},"end":{"line":40,"column":65}}],"line":40},"2":{"loc":{"start":{"line":41,"column":2},"end":{"line":41,"column":null}},"type":"if","locations":[{"start":{"line":41,"column":2},"end":{"line":41,"column":null}},{"start":{},"end":{}}],"line":41},"3":{"loc":{"start":{"line":41,"column":6},"end":{"line":41,"column":43}},"type":"binary-expr","locations":[{"start":{"line":41,"column":6},"end":{"line":41,"column":27}},{"start":{"line":41,"column":27},"end":{"line":41,"column":43}}],"line":41},"4":{"loc":{"start":{"line":42,"column":2},"end":{"line":42,"column":null}},"type":"if","locations":[{"start":{"line":42,"column":2},"end":{"line":42,"column":null}},{"start":{},"end":{}}],"line":42},"5":{"loc":{"start":{"line":43,"column":2},"end":{"line":43,"column":null}},"type":"if","locations":[{"start":{"line":43,"column":2},"end":{"line":43,"column":null}},{"start":{},"end":{}}],"line":43},"6":{"loc":{"start":{"line":43,"column":6},"end":{"line":43,"column":114}},"type":"binary-expr","locations":[{"start":{"line":43,"column":6},"end":{"line":43,"column":28}},{"start":{"line":43,"column":28},"end":{"line":43,"column":51}},{"start":{"line":43,"column":51},"end":{"line":43,"column":74}},{"start":{"line":43,"column":74},"end":{"line":43,"column":96}},{"start":{"line":43,"column":96},"end":{"line":43,"column":114}}],"line":43},"7":{"loc":{"start":{"line":50,"column":4},"end":{"line":50,"column":null}},"type":"if","locations":[{"start":{"line":50,"column":4},"end":{"line":50,"column":null}},{"start":{},"end":{}}],"line":50},"8":{"loc":{"start":{"line":56,"column":2},"end":{"line":56,"column":null}},"type":"if","locations":[{"start":{"line":56,"column":2},"end":{"line":56,"column":null}},{"start":{},"end":{}}],"line":56},"9":{"loc":{"start":{"line":59,"column":11},"end":{"line":59,"column":null}},"type":"cond-expr","locations":[{"start":{"line":59,"column":36},"end":{"line":59,"column":53}},{"start":{"line":59,"column":53},"end":{"line":59,"column":null}}],"line":59},"10":{"loc":{"start":{"line":107,"column":6},"end":{"line":112,"column":null}},"type":"if","locations":[{"start":{"line":107,"column":6},"end":{"line":112,"column":null}},{"start":{},"end":{}}],"line":107},"11":{"loc":{"start":{"line":109,"column":8},"end":{"line":111,"column":null}},"type":"if","locations":[{"start":{"line":109,"column":8},"end":{"line":111,"column":null}},{"start":{},"end":{}}],"line":109},"12":{"loc":{"start":{"line":109,"column":12},"end":{"line":109,"column":55}},"type":"binary-expr","locations":[{"start":{"line":109,"column":12},"end":{"line":109,"column":34}},{"start":{"line":109,"column":34},"end":{"line":109,"column":55}}],"line":109},"13":{"loc":{"start":{"line":117,"column":31},"end":{"line":117,"column":null}},"type":"binary-expr","locations":[{"start":{"line":117,"column":31},"end":{"line":117,"column":53}},{"start":{"line":117,"column":53},"end":{"line":117,"column":null}}],"line":117},"14":{"loc":{"start":{"line":119,"column":21},"end":{"line":119,"column":null}},"type":"binary-expr","locations":[{"start":{"line":119,"column":21},"end":{"line":119,"column":38}},{"start":{"line":119,"column":38},"end":{"line":119,"column":null}}],"line":119},"15":{"loc":{"start":{"line":120,"column":28},"end":{"line":120,"column":121}},"type":"binary-expr","locations":[{"start":{"line":120,"column":28},"end":{"line":120,"column":71}},{"start":{"line":120,"column":71},"end":{"line":120,"column":92}},{"start":{"line":120,"column":92},"end":{"line":120,"column":121}}],"line":120},"16":{"loc":{"start":{"line":121,"column":56},"end":{"line":121,"column":109}},"type":"binary-expr","locations":[{"start":{"line":121,"column":56},"end":{"line":121,"column":76}},{"start":{"line":121,"column":76},"end":{"line":121,"column":88}},{"start":{"line":121,"column":88},"end":{"line":121,"column":109}}],"line":121},"17":{"loc":{"start":{"line":134,"column":21},"end":{"line":134,"column":null}},"type":"binary-expr","locations":[{"start":{"line":134,"column":21},"end":{"line":134,"column":41}},{"start":{"line":134,"column":41},"end":{"line":134,"column":null}}],"line":134},"18":{"loc":{"start":{"line":138,"column":15},"end":{"line":138,"column":null}},"type":"binary-expr","locations":[{"start":{"line":138,"column":15},"end":{"line":138,"column":42}},{"start":{"line":138,"column":42},"end":{"line":138,"column":null}}],"line":138},"19":{"loc":{"start":{"line":142,"column":103},"end":{"line":142,"column":132}},"type":"binary-expr","locations":[{"start":{"line":142,"column":103},"end":{"line":142,"column":130}},{"start":{"line":142,"column":130},"end":{"line":142,"column":132}}],"line":142},"20":{"loc":{"start":{"line":146,"column":14},"end":{"line":146,"column":null}},"type":"binary-expr","locations":[{"start":{"line":146,"column":14},"end":{"line":146,"column":41}},{"start":{"line":146,"column":41},"end":{"line":146,"column":null}}],"line":146},"21":{"loc":{"start":{"line":149,"column":93},"end":{"line":149,"column":122}},"type":"binary-expr","locations":[{"start":{"line":149,"column":93},"end":{"line":149,"column":120}},{"start":{"line":149,"column":120},"end":{"line":149,"column":122}}],"line":149},"22":{"loc":{"start":{"line":153,"column":19},"end":{"line":153,"column":42}},"type":"binary-expr","locations":[{"start":{"line":153,"column":19},"end":{"line":153,"column":34}},{"start":{"line":153,"column":34},"end":{"line":153,"column":42}}],"line":153},"23":{"loc":{"start":{"line":153,"column":45},"end":{"line":153,"column":68}},"type":"binary-expr","locations":[{"start":{"line":153,"column":45},"end":{"line":153,"column":58}},{"start":{"line":153,"column":58},"end":{"line":153,"column":68}}],"line":153},"24":{"loc":{"start":{"line":153,"column":71},"end":{"line":153,"column":null}},"type":"binary-expr","locations":[{"start":{"line":153,"column":71},"end":{"line":153,"column":89}},{"start":{"line":153,"column":89},"end":{"line":153,"column":null}}],"line":153},"25":{"loc":{"start":{"line":154,"column":28},"end":{"line":154,"column":60}},"type":"binary-expr","locations":[{"start":{"line":154,"column":28},"end":{"line":154,"column":54}},{"start":{"line":154,"column":54},"end":{"line":154,"column":60}}],"line":154},"26":{"loc":{"start":{"line":154,"column":60},"end":{"line":154,"column":76}},"type":"binary-expr","locations":[{"start":{"line":154,"column":60},"end":{"line":154,"column":74}},{"start":{"line":154,"column":74},"end":{"line":154,"column":76}}],"line":154},"27":{"loc":{"start":{"line":171,"column":4},"end":{"line":171,"column":null}},"type":"if","locations":[{"start":{"line":171,"column":4},"end":{"line":171,"column":null}},{"start":{},"end":{}}],"line":171},"28":{"loc":{"start":{"line":193,"column":39},"end":{"line":193,"column":106}},"type":"binary-expr","locations":[{"start":{"line":193,"column":39},"end":{"line":193,"column":88}},{"start":{"line":193,"column":88},"end":{"line":193,"column":106}}],"line":193},"29":{"loc":{"start":{"line":201,"column":4},"end":{"line":201,"column":null}},"type":"if","locations":[{"start":{"line":201,"column":4},"end":{"line":201,"column":null}},{"start":{},"end":{}}],"line":201},"30":{"loc":{"start":{"line":201,"column":8},"end":{"line":201,"column":20}},"type":"binary-expr","locations":[{"start":{"line":201,"column":8},"end":{"line":201,"column":15}},{"start":{"line":201,"column":15},"end":{"line":201,"column":20}}],"line":201},"31":{"loc":{"start":{"line":205,"column":4},"end":{"line":205,"column":null}},"type":"if","locations":[{"start":{"line":205,"column":4},"end":{"line":205,"column":null}},{"start":{},"end":{}}],"line":205},"32":{"loc":{"start":{"line":205,"column":8},"end":{"line":205,"column":53}},"type":"binary-expr","locations":[{"start":{"line":205,"column":8},"end":{"line":205,"column":31}},{"start":{"line":205,"column":31},"end":{"line":205,"column":53}}],"line":205},"33":{"loc":{"start":{"line":210,"column":8},"end":{"line":210,"column":null}},"type":"cond-expr","locations":[{"start":{"line":210,"column":41},"end":{"line":210,"column":106}},{"start":{"line":210,"column":106},"end":{"line":210,"column":null}}],"line":210},"34":{"loc":{"start":{"line":235,"column":4},"end":{"line":235,"column":null}},"type":"if","locations":[{"start":{"line":235,"column":4},"end":{"line":235,"column":null}},{"start":{},"end":{}}],"line":235},"35":{"loc":{"start":{"line":235,"column":8},"end":{"line":235,"column":74}},"type":"binary-expr","locations":[{"start":{"line":235,"column":8},"end":{"line":235,"column":34}},{"start":{"line":235,"column":34},"end":{"line":235,"column":63}},{"start":{"line":235,"column":63},"end":{"line":235,"column":74}}],"line":235},"36":{"loc":{"start":{"line":253,"column":2},"end":{"line":260,"column":null}},"type":"if","locations":[{"start":{"line":253,"column":2},"end":{"line":260,"column":null}},{"start":{},"end":{}}],"line":253},"37":{"loc":{"start":{"line":266,"column":44},"end":{"line":266,"column":145}},"type":"binary-expr","locations":[{"start":{"line":266,"column":44},"end":{"line":266,"column":77}},{"start":{"line":266,"column":77},"end":{"line":266,"column":116}},{"start":{"line":266,"column":116},"end":{"line":266,"column":145}}],"line":266},"38":{"loc":{"start":{"line":267,"column":22},"end":{"line":267,"column":null}},"type":"cond-expr","locations":[{"start":{"line":267,"column":28},"end":{"line":267,"column":43}},{"start":{"line":267,"column":43},"end":{"line":267,"column":null}}],"line":267},"39":{"loc":{"start":{"line":268,"column":6},"end":{"line":268,"column":null}},"type":"if","locations":[{"start":{"line":268,"column":6},"end":{"line":268,"column":null}},{"start":{},"end":{}}],"line":268},"40":{"loc":{"start":{"line":288,"column":15},"end":{"line":288,"column":null}},"type":"cond-expr","locations":[{"start":{"line":288,"column":26},"end":{"line":288,"column":78}},{"start":{"line":288,"column":78},"end":{"line":288,"column":null}}],"line":288},"41":{"loc":{"start":{"line":300,"column":19},"end":{"line":301,"column":null}},"type":"binary-expr","locations":[{"start":{"line":300,"column":19},"end":{"line":300,"column":54}},{"start":{"line":300,"column":54},"end":{"line":301,"column":null}}],"line":300},"42":{"loc":{"start":{"line":316,"column":19},"end":{"line":317,"column":null}},"type":"binary-expr","locations":[{"start":{"line":316,"column":19},"end":{"line":316,"column":52}},{"start":{"line":316,"column":52},"end":{"line":317,"column":null}}],"line":316},"43":{"loc":{"start":{"line":327,"column":13},"end":{"line":459,"column":null}},"type":"binary-expr","locations":[{"start":{"line":327,"column":13},"end":{"line":327,"column":null}},{"start":{"line":328,"column":14},"end":{"line":459,"column":null}}],"line":327},"44":{"loc":{"start":{"line":333,"column":19},"end":{"line":437,"column":null}},"type":"cond-expr","locations":[{"start":{"line":334,"column":20},"end":{"line":339,"column":21}},{"start":{"line":339,"column":20},"end":{"line":437,"column":null}}],"line":333},"45":{"loc":{"start":{"line":356,"column":49},"end":{"line":356,"column":null}},"type":"binary-expr","locations":[{"start":{"line":356,"column":49},"end":{"line":356,"column":66}},{"start":{"line":356,"column":66},"end":{"line":356,"column":85}},{"start":{"line":356,"column":85},"end":{"line":356,"column":null}}],"line":356},"46":{"loc":{"start":{"line":357,"column":103},"end":{"line":357,"column":134}},"type":"binary-expr","locations":[{"start":{"line":357,"column":103},"end":{"line":357,"column":132}},{"start":{"line":357,"column":132},"end":{"line":357,"column":134}}],"line":357},"47":{"loc":{"start":{"line":363,"column":39},"end":{"line":363,"column":64}},"type":"binary-expr","locations":[{"start":{"line":363,"column":39},"end":{"line":363,"column":54}},{"start":{"line":363,"column":54},"end":{"line":363,"column":64}}],"line":363},"48":{"loc":{"start":{"line":366,"column":37},"end":{"line":371,"column":null}},"type":"cond-expr","locations":[{"start":{"line":367,"column":38},"end":{"line":369,"column":39}},{"start":{"line":369,"column":38},"end":{"line":371,"column":null}}],"line":366},"49":{"loc":{"start":{"line":375,"column":45},"end":{"line":375,"column":null}},"type":"cond-expr","locations":[{"start":{"line":375,"column":59},"end":{"line":375,"column":67}},{"start":{"line":375,"column":67},"end":{"line":375,"column":null}}],"line":375},"50":{"loc":{"start":{"line":375,"column":67},"end":{"line":375,"column":null}},"type":"binary-expr","locations":[{"start":{"line":375,"column":67},"end":{"line":375,"column":121}},{"start":{"line":375,"column":121},"end":{"line":375,"column":null}}],"line":375},"51":{"loc":{"start":{"line":378,"column":40},"end":{"line":382,"column":null}},"type":"if","locations":[{"start":{"line":378,"column":40},"end":{"line":382,"column":null}},{"start":{},"end":{}}],"line":378},"52":{"loc":{"start":{"line":384,"column":51},"end":{"line":384,"column":null}},"type":"cond-expr","locations":[{"start":{"line":384,"column":64},"end":{"line":384,"column":77}},{"start":{"line":384,"column":77},"end":{"line":384,"column":null}}],"line":384},"53":{"loc":{"start":{"line":391,"column":37},"end":{"line":392,"column":null}},"type":"binary-expr","locations":[{"start":{"line":391,"column":37},"end":{"line":391,"column":51}},{"start":{"line":391,"column":51},"end":{"line":391,"column":null}},{"start":{"line":392,"column":38},"end":{"line":392,"column":null}}],"line":391},"54":{"loc":{"start":{"line":394,"column":37},"end":{"line":395,"column":null}},"type":"binary-expr","locations":[{"start":{"line":394,"column":37},"end":{"line":394,"column":null}},{"start":{"line":395,"column":38},"end":{"line":395,"column":null}}],"line":394},"55":{"loc":{"start":{"line":397,"column":37},"end":{"line":398,"column":null}},"type":"binary-expr","locations":[{"start":{"line":397,"column":37},"end":{"line":397,"column":null}},{"start":{"line":398,"column":38},"end":{"line":398,"column":null}}],"line":397},"56":{"loc":{"start":{"line":445,"column":24},"end":{"line":453,"column":null}},"type":"binary-expr","locations":[{"start":{"line":445,"column":24},"end":{"line":445,"column":45}},{"start":{"line":445,"column":45},"end":{"line":445,"column":null}},{"start":{"line":446,"column":26},"end":{"line":453,"column":null}}],"line":445},"57":{"loc":{"start":{"line":463,"column":13},"end":{"line":503,"column":null}},"type":"binary-expr","locations":[{"start":{"line":463,"column":13},"end":{"line":463,"column":null}},{"start":{"line":464,"column":14},"end":{"line":503,"column":null}}],"line":463},"58":{"loc":{"start":{"line":480,"column":52},"end":{"line":480,"column":70}},"type":"binary-expr","locations":[{"start":{"line":480,"column":52},"end":{"line":480,"column":68}},{"start":{"line":480,"column":68},"end":{"line":480,"column":70}}],"line":480},"59":{"loc":{"start":{"line":481,"column":52},"end":{"line":481,"column":82}},"type":"binary-expr","locations":[{"start":{"line":481,"column":52},"end":{"line":481,"column":72}},{"start":{"line":481,"column":72},"end":{"line":481,"column":82}}],"line":481},"60":{"loc":{"start":{"line":483,"column":51},"end":{"line":483,"column":67}},"type":"binary-expr","locations":[{"start":{"line":483,"column":51},"end":{"line":483,"column":65}},{"start":{"line":483,"column":65},"end":{"line":483,"column":67}}],"line":483},"61":{"loc":{"start":{"line":483,"column":128},"end":{"line":483,"column":144}},"type":"binary-expr","locations":[{"start":{"line":483,"column":128},"end":{"line":483,"column":142}},{"start":{"line":483,"column":142},"end":{"line":483,"column":144}}],"line":483},"62":{"loc":{"start":{"line":483,"column":177},"end":{"line":483,"column":193}},"type":"binary-expr","locations":[{"start":{"line":483,"column":177},"end":{"line":483,"column":191}},{"start":{"line":483,"column":191},"end":{"line":483,"column":193}}],"line":483},"63":{"loc":{"start":{"line":489,"column":21},"end":{"line":500,"column":null}},"type":"binary-expr","locations":[{"start":{"line":489,"column":21},"end":{"line":489,"column":null}},{"start":{"line":490,"column":22},"end":{"line":500,"column":null}}],"line":489},"64":{"loc":{"start":{"line":507,"column":13},"end":{"line":549,"column":null}},"type":"binary-expr","locations":[{"start":{"line":507,"column":13},"end":{"line":507,"column":null}},{"start":{"line":508,"column":15},"end":{"line":549,"column":null}}],"line":507},"65":{"loc":{"start":{"line":535,"column":21},"end":{"line":546,"column":null}},"type":"binary-expr","locations":[{"start":{"line":535,"column":21},"end":{"line":535,"column":null}},{"start":{"line":536,"column":22},"end":{"line":546,"column":null}}],"line":535},"66":{"loc":{"start":{"line":553,"column":13},"end":{"line":674,"column":null}},"type":"binary-expr","locations":[{"start":{"line":553,"column":13},"end":{"line":553,"column":null}},{"start":{"line":554,"column":14},"end":{"line":674,"column":null}}],"line":553},"67":{"loc":{"start":{"line":559,"column":19},"end":{"line":651,"column":null}},"type":"cond-expr","locations":[{"start":{"line":560,"column":20},"end":{"line":565,"column":21}},{"start":{"line":565,"column":20},"end":{"line":651,"column":null}}],"line":559},"68":{"loc":{"start":{"line":583,"column":32},"end":{"line":586,"column":null}},"type":"if","locations":[{"start":{"line":583,"column":32},"end":{"line":586,"column":null}},{"start":{},"end":{}}],"line":583},"69":{"loc":{"start":{"line":585,"column":34},"end":{"line":585,"column":null}},"type":"if","locations":[{"start":{"line":585,"column":34},"end":{"line":585,"column":null}},{"start":{},"end":{}}],"line":585},"70":{"loc":{"start":{"line":585,"column":38},"end":{"line":585,"column":82}},"type":"binary-expr","locations":[{"start":{"line":585,"column":38},"end":{"line":585,"column":63}},{"start":{"line":585,"column":63},"end":{"line":585,"column":82}}],"line":585},"71":{"loc":{"start":{"line":594,"column":63},"end":{"line":594,"column":108}},"type":"binary-expr","locations":[{"start":{"line":594,"column":63},"end":{"line":594,"column":85}},{"start":{"line":594,"column":85},"end":{"line":594,"column":108}}],"line":594},"72":{"loc":{"start":{"line":595,"column":66},"end":{"line":595,"column":112}},"type":"binary-expr","locations":[{"start":{"line":595,"column":66},"end":{"line":595,"column":88}},{"start":{"line":595,"column":88},"end":{"line":595,"column":112}}],"line":595},"73":{"loc":{"start":{"line":596,"column":63},"end":{"line":596,"column":94}},"type":"binary-expr","locations":[{"start":{"line":596,"column":63},"end":{"line":596,"column":84}},{"start":{"line":596,"column":84},"end":{"line":596,"column":94}}],"line":596},"74":{"loc":{"start":{"line":596,"column":127},"end":{"line":596,"column":156}},"type":"binary-expr","locations":[{"start":{"line":596,"column":127},"end":{"line":596,"column":146}},{"start":{"line":596,"column":146},"end":{"line":596,"column":156}}],"line":596},"75":{"loc":{"start":{"line":599,"column":59},"end":{"line":599,"column":84}},"type":"binary-expr","locations":[{"start":{"line":599,"column":59},"end":{"line":599,"column":73}},{"start":{"line":599,"column":73},"end":{"line":599,"column":84}}],"line":599},"76":{"loc":{"start":{"line":600,"column":37},"end":{"line":600,"column":null}},"type":"binary-expr","locations":[{"start":{"line":600,"column":37},"end":{"line":600,"column":70}},{"start":{"line":600,"column":70},"end":{"line":600,"column":null}}],"line":600},"77":{"loc":{"start":{"line":608,"column":38},"end":{"line":617,"column":null}},"type":"binary-expr","locations":[{"start":{"line":608,"column":38},"end":{"line":608,"column":65}},{"start":{"line":608,"column":65},"end":{"line":608,"column":95}},{"start":{"line":608,"column":95},"end":{"line":608,"column":null}},{"start":{"line":609,"column":38},"end":{"line":617,"column":null}}],"line":608},"78":{"loc":{"start":{"line":619,"column":38},"end":{"line":627,"column":null}},"type":"binary-expr","locations":[{"start":{"line":619,"column":38},"end":{"line":619,"column":null}},{"start":{"line":620,"column":38},"end":{"line":627,"column":null}}],"line":619},"79":{"loc":{"start":{"line":629,"column":38},"end":{"line":637,"column":null}},"type":"binary-expr","locations":[{"start":{"line":629,"column":38},"end":{"line":629,"column":85}},{"start":{"line":629,"column":85},"end":{"line":629,"column":null}},{"start":{"line":630,"column":38},"end":{"line":637,"column":null}}],"line":629},"80":{"loc":{"start":{"line":659,"column":24},"end":{"line":668,"column":null}},"type":"binary-expr","locations":[{"start":{"line":659,"column":24},"end":{"line":659,"column":39}},{"start":{"line":659,"column":39},"end":{"line":659,"column":null}},{"start":{"line":660,"column":26},"end":{"line":668,"column":null}}],"line":659},"81":{"loc":{"start":{"line":664,"column":62},"end":{"line":664,"column":105}},"type":"binary-expr","locations":[{"start":{"line":664,"column":62},"end":{"line":664,"column":84}},{"start":{"line":664,"column":84},"end":{"line":664,"column":105}}],"line":664},"82":{"loc":{"start":{"line":678,"column":13},"end":{"line":734,"column":null}},"type":"binary-expr","locations":[{"start":{"line":678,"column":13},"end":{"line":678,"column":null}},{"start":{"line":679,"column":15},"end":{"line":734,"column":null}}],"line":678},"83":{"loc":{"start":{"line":694,"column":22},"end":{"line":703,"column":null}},"type":"if","locations":[{"start":{"line":694,"column":22},"end":{"line":703,"column":null}},{"start":{},"end":{}}],"line":694},"84":{"loc":{"start":{"line":697,"column":26},"end":{"line":699,"column":null}},"type":"if","locations":[{"start":{"line":697,"column":26},"end":{"line":699,"column":null}},{"start":{},"end":{}}],"line":697},"85":{"loc":{"start":{"line":697,"column":30},"end":{"line":697,"column":74}},"type":"binary-expr","locations":[{"start":{"line":697,"column":30},"end":{"line":697,"column":55}},{"start":{"line":697,"column":55},"end":{"line":697,"column":74}}],"line":697},"86":{"loc":{"start":{"line":708,"column":63},"end":{"line":708,"column":99}},"type":"binary-expr","locations":[{"start":{"line":708,"column":63},"end":{"line":708,"column":85}},{"start":{"line":708,"column":85},"end":{"line":708,"column":99}}],"line":708},"87":{"loc":{"start":{"line":709,"column":52},"end":{"line":709,"column":96}},"type":"binary-expr","locations":[{"start":{"line":709,"column":52},"end":{"line":709,"column":74}},{"start":{"line":709,"column":74},"end":{"line":709,"column":96}}],"line":709},"88":{"loc":{"start":{"line":710,"column":55},"end":{"line":710,"column":86}},"type":"binary-expr","locations":[{"start":{"line":710,"column":55},"end":{"line":710,"column":76}},{"start":{"line":710,"column":76},"end":{"line":710,"column":86}}],"line":710},"89":{"loc":{"start":{"line":710,"column":119},"end":{"line":710,"column":148}},"type":"binary-expr","locations":[{"start":{"line":710,"column":119},"end":{"line":710,"column":138}},{"start":{"line":710,"column":138},"end":{"line":710,"column":148}}],"line":710},"90":{"loc":{"start":{"line":714,"column":72},"end":{"line":714,"column":null}},"type":"binary-expr","locations":[{"start":{"line":714,"column":72},"end":{"line":714,"column":105}},{"start":{"line":714,"column":105},"end":{"line":714,"column":null}}],"line":714},"91":{"loc":{"start":{"line":720,"column":21},"end":{"line":731,"column":null}},"type":"binary-expr","locations":[{"start":{"line":720,"column":21},"end":{"line":720,"column":null}},{"start":{"line":721,"column":22},"end":{"line":731,"column":null}}],"line":720},"92":{"loc":{"start":{"line":763,"column":15},"end":{"line":763,"column":104}},"type":"cond-expr","locations":[{"start":{"line":763,"column":58},"end":{"line":763,"column":104}},{"start":{"line":763,"column":99},"end":{"line":763,"column":104}}],"line":763},"93":{"loc":{"start":{"line":778,"column":13},"end":{"line":825,"column":null}},"type":"binary-expr","locations":[{"start":{"line":778,"column":13},"end":{"line":778,"column":null}},{"start":{"line":779,"column":14},"end":{"line":825,"column":null}}],"line":778},"94":{"loc":{"start":{"line":801,"column":27},"end":{"line":806,"column":null}},"type":"cond-expr","locations":[{"start":{"line":802,"column":28},"end":{"line":804,"column":29}},{"start":{"line":804,"column":28},"end":{"line":806,"column":null}}],"line":801},"95":{"loc":{"start":{"line":816,"column":27},"end":{"line":816,"column":null}},"type":"binary-expr","locations":[{"start":{"line":816,"column":27},"end":{"line":816,"column":90}},{"start":{"line":816,"column":90},"end":{"line":816,"column":null}}],"line":816},"96":{"loc":{"start":{"line":817,"column":65},"end":{"line":817,"column":81}},"type":"binary-expr","locations":[{"start":{"line":817,"column":65},"end":{"line":817,"column":77}},{"start":{"line":817,"column":77},"end":{"line":817,"column":81}}],"line":817},"97":{"loc":{"start":{"line":837,"column":26},"end":{"line":837,"column":null}},"type":"binary-expr","locations":[{"start":{"line":837,"column":26},"end":{"line":837,"column":55}},{"start":{"line":837,"column":55},"end":{"line":837,"column":null}}],"line":837},"98":{"loc":{"start":{"line":839,"column":17},"end":{"line":839,"column":null}},"type":"cond-expr","locations":[{"start":{"line":839,"column":63},"end":{"line":839,"column":null}},{"start":{"line":839,"column":87},"end":{"line":839,"column":null}}],"line":839},"99":{"loc":{"start":{"line":850,"column":11},"end":{"line":902,"column":null}},"type":"binary-expr","locations":[{"start":{"line":850,"column":11},"end":{"line":850,"column":null}},{"start":{"line":851,"column":12},"end":{"line":902,"column":null}}],"line":850},"100":{"loc":{"start":{"line":856,"column":63},"end":{"line":856,"column":111}},"type":"binary-expr","locations":[{"start":{"line":856,"column":63},"end":{"line":856,"column":90}},{"start":{"line":856,"column":90},"end":{"line":856,"column":111}}],"line":856},"101":{"loc":{"start":{"line":858,"column":93},"end":{"line":858,"column":121}},"type":"binary-expr","locations":[{"start":{"line":858,"column":93},"end":{"line":858,"column":119}},{"start":{"line":858,"column":119},"end":{"line":858,"column":121}}],"line":858},"102":{"loc":{"start":{"line":863,"column":73},"end":{"line":863,"column":151}},"type":"cond-expr","locations":[{"start":{"line":863,"column":110},"end":{"line":863,"column":151}},{"start":{"line":863,"column":143},"end":{"line":863,"column":151}}],"line":863},"103":{"loc":{"start":{"line":864,"column":71},"end":{"line":864,"column":166}},"type":"cond-expr","locations":[{"start":{"line":864,"column":104},"end":{"line":864,"column":145}},{"start":{"line":864,"column":145},"end":{"line":864,"column":166}}],"line":864},"104":{"loc":{"start":{"line":865,"column":74},"end":{"line":865,"column":138}},"type":"binary-expr","locations":[{"start":{"line":865,"column":74},"end":{"line":865,"column":115}},{"start":{"line":865,"column":115},"end":{"line":865,"column":138}}],"line":865},"105":{"loc":{"start":{"line":866,"column":66},"end":{"line":866,"column":114}},"type":"binary-expr","locations":[{"start":{"line":866,"column":66},"end":{"line":866,"column":95}},{"start":{"line":866,"column":95},"end":{"line":866,"column":114}}],"line":866},"106":{"loc":{"start":{"line":867,"column":68},"end":{"line":867,"column":116}},"type":"binary-expr","locations":[{"start":{"line":867,"column":68},"end":{"line":867,"column":99}},{"start":{"line":867,"column":99},"end":{"line":867,"column":116}}],"line":867},"107":{"loc":{"start":{"line":870,"column":15},"end":{"line":874,"column":null}},"type":"binary-expr","locations":[{"start":{"line":870,"column":15},"end":{"line":870,"column":null}},{"start":{"line":871,"column":16},"end":{"line":874,"column":null}}],"line":870},"108":{"loc":{"start":{"line":877,"column":15},"end":{"line":881,"column":null}},"type":"binary-expr","locations":[{"start":{"line":877,"column":15},"end":{"line":877,"column":null}},{"start":{"line":878,"column":16},"end":{"line":881,"column":null}}],"line":877},"109":{"loc":{"start":{"line":887,"column":67},"end":{"line":887,"column":228}},"type":"binary-expr","locations":[{"start":{"line":887,"column":67},"end":{"line":887,"column":102}},{"start":{"line":887,"column":102},"end":{"line":887,"column":207}},{"start":{"line":887,"column":207},"end":{"line":887,"column":228}}],"line":887},"110":{"loc":{"start":{"line":888,"column":64},"end":{"line":888,"column":122}},"type":"binary-expr","locations":[{"start":{"line":888,"column":64},"end":{"line":888,"column":96}},{"start":{"line":888,"column":96},"end":{"line":888,"column":122}}],"line":888},"111":{"loc":{"start":{"line":891,"column":19},"end":{"line":898,"column":null}},"type":"binary-expr","locations":[{"start":{"line":891,"column":19},"end":{"line":891,"column":60}},{"start":{"line":891,"column":60},"end":{"line":891,"column":null}},{"start":{"line":892,"column":20},"end":{"line":898,"column":null}}],"line":891}},"s":{"0":1,"1":1,"2":1,"3":1,"4":1,"5":62,"6":62,"7":45,"8":17,"9":17,"10":0,"11":0,"12":0,"13":0,"14":0,"15":17,"16":17,"17":17,"18":17,"19":17,"20":1,"21":4,"22":0,"23":4,"24":4,"25":4,"26":0,"27":1,"28":31,"29":31,"30":31,"31":31,"32":31,"33":31,"34":31,"35":31,"36":31,"37":31,"38":31,"39":11,"40":31,"41":31,"42":31,"43":31,"44":31,"45":31,"46":31,"47":31,"48":31,"49":31,"50":6,"51":6,"52":6,"53":6,"54":6,"55":6,"56":6,"57":0,"58":6,"59":6,"60":6,"61":6,"62":4,"63":4,"64":6,"65":0,"66":6,"67":31,"68":5,"69":31,"70":31,"71":151,"72":31,"73":151,"74":151,"75":31,"76":151,"77":31,"78":27,"79":31,"80":27,"81":27,"82":31,"83":27,"84":31,"85":31,"86":67,"87":67,"88":31,"89":11,"90":11,"91":31,"92":31,"93":31,"94":31,"95":31,"96":31,"97":31,"98":31,"99":25,"100":0,"101":25,"102":1,"103":1,"104":0,"105":0,"106":1,"107":1,"108":31,"109":0,"110":0,"111":31,"112":0,"113":0,"114":0,"115":0,"116":0,"117":0,"118":0,"119":0,"120":0,"121":0,"122":0,"123":0,"124":0,"125":0,"126":0,"127":31,"128":2,"129":2,"130":1,"131":1,"132":1,"133":31,"134":0,"135":0,"136":0,"137":0,"138":0,"139":0,"140":0,"141":0,"142":0,"143":0,"144":0,"145":0,"146":31,"147":5,"148":26,"149":4,"150":4,"151":4,"152":4,"153":0,"154":4,"155":4,"156":4,"157":4,"158":4,"159":26,"160":0,"161":1,"162":1,"163":3,"164":1,"165":26,"166":26,"167":26,"168":26,"169":11,"170":0,"171":0,"172":0,"173":0,"174":26,"175":0,"176":1,"177":1,"178":0,"179":2,"180":41,"181":15,"182":2,"183":10,"184":10,"185":10,"186":10,"187":10,"188":10,"189":0,"190":10,"191":0,"192":3,"193":3,"194":10,"195":2,"196":2,"197":2,"198":2,"199":2,"200":2,"201":0,"202":2,"203":0,"204":15,"205":0,"206":0,"207":4,"208":4,"209":0,"210":4,"211":1,"212":0,"213":0,"214":0,"215":1},"f":{"0":62,"1":17,"2":17,"3":4,"4":31,"5":11,"6":6,"7":6,"8":4,"9":4,"10":5,"11":151,"12":151,"13":151,"14":27,"15":27,"16":27,"17":67,"18":11,"19":25,"20":1,"21":0,"22":0,"23":1,"24":1,"25":0,"26":0,"27":0,"28":0,"29":2,"30":0,"31":4,"32":4,"33":0,"34":0,"35":1,"36":1,"37":3,"38":1,"39":26,"40":11,"41":0,"42":26,"43":0,"44":1,"45":0,"46":2,"47":41,"48":15,"49":2,"50":10,"51":0,"52":3,"53":10,"54":2,"55":0,"56":15,"57":0,"58":0,"59":4,"60":4,"61":0,"62":4,"63":1,"64":0,"65":0,"66":0,"67":1},"b":{"0":[45,17],"1":[62,17,17],"2":[17,0],"3":[17,10],"4":[0,0],"5":[0,0],"6":[0,0,0,0,0],"7":[17,0],"8":[0,4],"9":[0,4],"10":[6,0],"11":[0,6],"12":[6,0],"13":[6,0],"14":[6,0],"15":[4,4,4],"16":[4,0,0],"17":[31,5],"18":[151,0],"19":[151,0],"20":[27,0],"21":[27,0],"22":[67,0],"23":[67,60],"24":[67,60],"25":[67,11],"26":[67,0],"27":[0,25],"28":[25,2],"29":[0,0],"30":[0,0],"31":[0,0],"32":[0,0],"33":[0,0],"34":[0,0],"35":[0,0,0],"36":[5,26],"37":[0,0,0],"38":[0,4],"39":[4,0],"40":[26,0],"41":[31,19],"42":[31,20],"43":[31,10],"44":[1,9],"45":[26,26,22],"46":[26,0],"47":[26,26],"48":[4,22],"49":[0,26],"50":[26,22],"51":[0,0],"52":[11,15],"53":[26,11,4],"54":[26,0],"55":[26,7],"56":[41,4,4],"57":[31,2],"58":[15,0],"59":[15,15],"60":[15,0],"61":[15,0],"62":[15,0],"63":[2,0],"64":[31,2],"65":[2,0],"66":[31,10],"67":[0,10],"68":[10,0],"69":[10,0],"70":[10,10],"71":[10,0],"72":[10,0],"73":[10,0],"74":[10,0],"75":[10,0],"76":[10,0],"77":[10,0,0,10],"78":[10,0],"79":[10,10,0],"80":[10,0,0],"81":[0,0],"82":[31,2],"83":[2,0],"84":[2,0],"85":[2,2],"86":[2,0],"87":[2,0],"88":[2,0],"89":[2,0],"90":[2,0],"91":[2,0],"92":[0,26],"93":[31,4],"94":[0,4],"95":[4,4],"96":[0,0],"97":[31,0],"98":[0,26],"99":[31,7],"100":[7,7],"101":[7,0],"102":[7,0],"103":[7,0],"104":[7,0],"105":[7,0],"106":[7,0],"107":[7,7],"108":[7,7],"109":[7,7,0],"110":[7,7],"111":[7,7,7]},"meta":{"lastBranch":112,"lastFunction":68,"lastStatement":216,"seen":{"s:15:0:15:Infinity":0,"s:16:0:20:Infinity":1,"s:22:28:28:Infinity":2,"s:30:27:36:Infinity":3,"s:38:6:45:Infinity":4,"f:38:6:38:23":0,"s:39:12:39:Infinity":5,"b:40:2:40:Infinity:undefined:undefined:undefined:undefined":0,"s:40:2:40:Infinity":6,"b:40:6:40:26:40:26:40:46:40:46:40:65":1,"s:40:65:40:Infinity":7,"b:41:2:41:Infinity:undefined:undefined:undefined:undefined":2,"s:41:2:41:Infinity":8,"b:41:6:41:27:41:27:41:43":3,"s:41:43:41:Infinity":9,"b:42:2:42:Infinity:undefined:undefined:undefined:undefined":4,"s:42:2:42:Infinity":10,"s:42:35:42:Infinity":11,"b:43:2:43:Infinity:undefined:undefined:undefined:undefined":5,"s:43:2:43:Infinity":12,"b:43:6:43:28:43:28:43:51:43:51:43:74:43:74:43:96:43:96:43:114":6,"s:43:114:43:Infinity":13,"s:44:2:44:Infinity":14,"f:47:9:47:20":1,"s:48:8:48:Infinity":15,"s:49:2:51:Infinity":16,"f:49:2:49:18":2,"b:50:4:50:Infinity:undefined:undefined:undefined:undefined":7,"s:50:4:50:Infinity":17,"s:50:16:50:Infinity":18,"s:52:2:52:Infinity":19,"s:55:6:63:Infinity":20,"f:55:6:55:23":3,"b:56:2:56:Infinity:undefined:undefined:undefined:undefined":8,"s:56:2:56:Infinity":21,"s:56:20:56:Infinity":22,"s:57:2:62:Infinity":23,"s:58:15:58:Infinity":24,"s:59:4:59:Infinity":25,"b:59:36:59:53:59:53:59:Infinity":9,"s:61:4:61:Infinity":26,"s:65:6:913:Infinity":27,"f:65:6:65:41":4,"s:66:10:66:Infinity":28,"s:68:18:68:Infinity":29,"s:69:20:69:Infinity":30,"s:70:20:70:Infinity":31,"s:72:19:72:Infinity":32,"s:73:21:73:Infinity":33,"s:74:22:74:Infinity":34,"s:75:22:75:Infinity":35,"s:77:15:77:Infinity":36,"s:78:23:78:Infinity":37,"s:80:2:82:Infinity":38,"f:80:2:80:18":5,"s:81:4:81:Infinity":39,"s:84:24:84:Infinity":40,"s:86:29:86:Infinity":41,"s:87:29:87:Infinity":42,"s:88:30:88:Infinity":43,"s:90:29:90:Infinity":44,"s:91:32:91:Infinity":45,"s:92:35:92:Infinity":46,"s:94:31:94:Infinity":47,"s:95:26:95:Infinity":48,"s:97:20:128:Infinity":49,"f:97:20:97:32":6,"s:98:4:127:Infinity":50,"s:99:49:104:Infinity":51,"s:106:25:106:Infinity":52,"f:106:33:106:38":7,"s:106:43:106:75":53,"b:107:6:112:Infinity:undefined:undefined:undefined:undefined":10,"s:107:6:112:Infinity":54,"s:108:8:108:Infinity":55,"b:109:8:111:Infinity:undefined:undefined:undefined:undefined":11,"s:109:8:111:Infinity":56,"b:109:12:109:34:109:34:109:55":12,"s:110:10:110:Infinity":57,"s:114:6:114:Infinity":58,"s:115:6:115:Infinity":59,"s:117:31:117:Infinity":60,"b:117:31:117:53:117:53:117:Infinity":13,"s:119:12:121:Infinity":61,"b:119:21:119:38:119:38:119:Infinity":14,"f:120:9:120:17":8,"s:120:28:120:121":62,"b:120:28:120:71:120:71:120:92:120:92:120:121":15,"f:121:9:121:14":9,"s:121:26:121:111":63,"b:121:56:121:76:121:76:121:88:121:88:121:109":16,"s:122:6:122:Infinity":64,"s:124:6:124:Infinity":65,"s:126:6:126:Infinity":66,"s:130:2:132:Infinity":67,"f:130:2:130:18":10,"s:131:4:131:Infinity":68,"s:134:21:134:Infinity":69,"b:134:21:134:41:134:41:134:Infinity":17,"s:136:24:136:Infinity":70,"f:136:35:136:42":11,"s:136:47:136:76":71,"s:137:31:140:Infinity":72,"f:137:45:137:52":12,"s:138:15:138:Infinity":73,"b:138:15:138:42:138:42:138:Infinity":18,"s:139:4:139:Infinity":74,"s:142:30:142:Infinity":75,"f:142:44:142:51":13,"s:142:56:142:133":76,"b:142:103:142:130:142:130:142:132":19,"s:144:25:144:Infinity":77,"f:144:37:144:44":14,"s:144:49:144:72":78,"s:145:29:148:Infinity":79,"f:145:44:145:51":15,"s:146:14:146:Infinity":80,"b:146:14:146:41:146:41:146:Infinity":20,"s:147:4:147:Infinity":81,"s:149:31:149:Infinity":82,"f:149:46:149:53":16,"s:149:58:149:123":83,"b:149:93:149:120:149:120:149:122":21,"s:151:24:151:Infinity":84,"s:152:2:155:Infinity":85,"f:152:22:152:30":17,"s:153:16:153:Infinity":86,"b:153:19:153:34:153:34:153:42":22,"b:153:45:153:58:153:58:153:68":23,"b:153:71:153:89:153:89:153:Infinity":24,"s:154:4:154:Infinity":87,"b:154:28:154:54:154:54:154:60":25,"b:154:60:154:74:154:74:154:76":26,"s:156:26:159:Infinity":88,"f:156:62:156:67":18,"s:157:31:157:Infinity":89,"s:158:4:158:Infinity":90,"s:161:8:161:Infinity":91,"s:162:19:162:Infinity":92,"s:164:40:164:Infinity":93,"s:165:39:165:Infinity":94,"s:166:30:166:Infinity":95,"s:167:38:167:Infinity":96,"s:168:40:168:Infinity":97,"s:170:8:198:Infinity":98,"f:170:8:170:30":19,"b:171:4:171:Infinity:undefined:undefined:undefined:undefined":27,"s:171:4:171:Infinity":99,"s:171:26:171:Infinity":100,"s:172:4:196:Infinity":101,"f:181:12:181:23":20,"s:182:14:182:Infinity":102,"s:183:14:183:Infinity":103,"f:192:51:192:66":21,"s:192:66:192:88":104,"f:192:66:192:74":22,"s:192:79:192:84":105,"b:193:39:193:88:193:88:193:106":28,"f:193:106:193:121":23,"s:193:121:193:143":106,"f:193:121:193:129":24,"s:193:134:193:139":107,"s:200:8:202:Infinity":108,"f:200:8:200:23":25,"b:201:4:201:Infinity:undefined:undefined:undefined:undefined":29,"s:201:4:201:Infinity":109,"b:201:8:201:15:201:15:201:20":30,"s:201:20:201:Infinity":110,"s:204:36:222:Infinity":111,"f:204:36:204:48":26,"b:205:4:205:Infinity:undefined:undefined:undefined:undefined":31,"s:205:4:205:Infinity":112,"b:205:8:205:31:205:31:205:53":32,"s:205:53:205:Infinity":113,"s:206:4:206:Infinity":114,"s:207:4:221:Infinity":115,"s:208:6:208:Infinity":116,"s:209:6:211:Infinity":117,"f:209:6:209:20":27,"s:209:28:211:7":118,"f:209:33:209:37":28,"s:210:8:210:Infinity":119,"b:210:41:210:106:210:106:210:Infinity":33,"s:212:6:212:Infinity":120,"s:213:6:213:Infinity":121,"s:214:6:214:Infinity":122,"s:215:6:215:Infinity":123,"s:217:6:217:Infinity":124,"s:218:6:218:Infinity":125,"s:220:6:220:Infinity":126,"s:224:32:232:Infinity":127,"f:224:32:224:39":29,"s:225:4:231:Infinity":128,"s:226:6:226:Infinity":129,"s:227:6:227:Infinity":130,"s:229:6:229:Infinity":131,"s:230:6:230:Infinity":132,"s:234:32:249:Infinity":133,"f:234:32:234:44":30,"b:235:4:235:Infinity:undefined:undefined:undefined:undefined":34,"s:235:4:235:Infinity":134,"b:235:8:235:34:235:34:235:63:235:63:235:74":35,"s:235:74:235:Infinity":135,"s:236:4:236:Infinity":136,"s:237:4:248:Infinity":137,"s:238:26:238:Infinity":138,"s:239:6:239:Infinity":139,"s:240:6:240:Infinity":140,"s:241:6:241:Infinity":141,"s:242:6:242:Infinity":142,"s:244:6:244:Infinity":143,"s:245:6:245:Infinity":144,"s:247:6:247:Infinity":145,"b:253:2:260:Infinity:undefined:undefined:undefined:undefined":36,"s:253:2:260:Infinity":146,"s:254:4:258:Infinity":147,"s:262:8:276:Infinity":148,"f:262:8:262:30":31,"s:263:21:263:Infinity":149,"s:264:22:264:Infinity":150,"s:265:21:274:Infinity":151,"f:265:30:265:34":32,"s:266:18:266:Infinity":152,"f:266:34:266:39":33,"s:266:44:266:145":153,"b:266:44:266:77:266:77:266:116:266:116:266:145":37,"s:267:22:267:Infinity":154,"b:267:28:267:43:267:43:267:Infinity":38,"b:268:6:268:Infinity:undefined:undefined:undefined:undefined":39,"s:268:6:268:Infinity":155,"s:268:34:268:Infinity":156,"s:269:6:273:Infinity":157,"s:275:4:275:Infinity":158,"s:278:2:911:Infinity":159,"b:288:26:288:78:288:78:288:Infinity":40,"f:298:62:298:77":34,"s:298:77:298:105":160,"b:300:19:300:54:300:54:301:Infinity":41,"f:304:72:304:87":35,"s:304:87:304:125":161,"f:309:62:309:77":36,"s:309:77:309:105":162,"f:314:59:314:74":37,"s:314:74:314:99":163,"b:316:19:316:52:316:52:317:Infinity":42,"f:320:73:320:88":38,"s:320:88:320:127":164,"b:327:13:327:Infinity:328:14:459:Infinity":43,"b:334:20:339:21:339:20:437:Infinity":44,"f:354:59:354:63":39,"s:355:50:355:Infinity":165,"s:356:49:356:Infinity":166,"b:356:49:356:66:356:66:356:85:356:85:356:Infinity":45,"s:357:49:357:Infinity":167,"b:357:103:357:132:357:132:357:134":46,"s:359:30:427:Infinity":168,"b:363:39:363:54:363:54:363:64":47,"b:367:38:369:39:369:38:371:Infinity":48,"b:375:59:375:67:375:67:375:Infinity":49,"b:375:67:375:121:375:121:375:Infinity":50,"f:375:79:375:84":40,"s:375:89:375:116":169,"f:377:38:377:49":41,"b:378:40:382:Infinity:undefined:undefined:undefined:undefined":51,"s:378:40:382:Infinity":170,"s:379:42:379:Infinity":171,"s:380:42:380:Infinity":172,"s:381:42:381:Infinity":173,"b:384:64:384:77:384:77:384:Infinity":52,"f:387:40:387:50":42,"s:387:60:387:Infinity":174,"f:388:40:388:52":43,"s:388:61:388:Infinity":175,"b:391:37:391:51:391:51:391:Infinity:392:38:392:Infinity":53,"b:394:37:394:Infinity:395:38:395:Infinity":54,"b:397:37:397:Infinity:398:38:398:Infinity":55,"f:406:40:406:55":44,"s:406:57:406:82":176,"s:406:82:406:113":177,"f:412:84:412:99":45,"s:412:99:412:151":178,"f:419:40:419:55":46,"s:419:55:419:Infinity":179,"f:444:44:444:48":47,"s:445:24:453:Infinity":180,"b:445:24:445:45:445:45:445:Infinity:446:26:453:Infinity":56,"b:463:13:463:Infinity:464:14:503:Infinity":57,"f:476:50:476:54":48,"s:477:22:487:Infinity":181,"b:480:52:480:68:480:68:480:70":58,"b:481:52:481:72:481:72:481:82":59,"b:483:51:483:65:483:65:483:67":60,"b:483:128:483:142:483:142:483:144":61,"b:483:177:483:191:483:191:483:193":62,"b:489:21:489:Infinity:490:22:500:Infinity":63,"b:507:13:507:Infinity:508:15:549:Infinity":64,"f:519:41:519:46":49,"s:520:22:533:Infinity":182,"b:535:21:535:Infinity:536:22:546:Infinity":65,"b:553:13:553:Infinity:554:14:674:Infinity":66,"b:560:20:565:21:565:20:651:Infinity":67,"f:580:57:580:61":50,"s:581:49:581:Infinity":183,"s:582:30:589:Infinity":184,"b:583:32:586:Infinity:undefined:undefined:undefined:undefined":68,"s:583:32:586:Infinity":185,"s:584:49:584:Infinity":186,"b:585:34:585:Infinity:undefined:undefined:undefined:undefined":69,"s:585:34:585:Infinity":187,"b:585:38:585:63:585:63:585:82":70,"s:585:82:585:Infinity":188,"s:588:32:588:Infinity":189,"s:591:30:641:Infinity":190,"b:594:63:594:85:594:85:594:108":71,"b:595:66:595:88:595:88:595:112":72,"b:596:63:596:84:596:84:596:94":73,"b:596:127:596:146:596:146:596:156":74,"b:599:59:599:73:599:73:599:84":75,"b:600:37:600:70:600:70:600:Infinity":76,"f:605:82:605:97":51,"s:605:97:605:137":191,"b:608:38:608:65:608:65:608:95:608:95:608:Infinity:609:38:617:Infinity":77,"f:612:40:612:55":52,"s:612:57:612:88":192,"s:612:88:612:117":193,"b:619:38:619:Infinity:620:38:627:Infinity":78,"b:629:38:629:85:629:85:629:Infinity:630:38:637:Infinity":79,"f:658:42:658:46":53,"s:659:24:668:Infinity":194,"b:659:24:659:39:659:39:659:Infinity:660:26:668:Infinity":80,"b:664:62:664:84:664:84:664:105":81,"b:678:13:678:Infinity:679:15:734:Infinity":82,"f:692:51:692:55":54,"s:693:36:693:Infinity":195,"b:694:22:703:Infinity:undefined:undefined:undefined:undefined":83,"s:694:22:703:Infinity":196,"s:695:24:702:Infinity":197,"s:696:41:696:Infinity":198,"b:697:26:699:Infinity:undefined:undefined:undefined:undefined":84,"s:697:26:699:Infinity":199,"b:697:30:697:55:697:55:697:74":85,"s:698:28:698:Infinity":200,"s:701:26:701:Infinity":201,"s:705:22:717:Infinity":202,"b:708:63:708:85:708:85:708:99":86,"b:709:52:709:74:709:74:709:96":87,"b:710:55:710:76:710:76:710:86":88,"b:710:119:710:138:710:138:710:148":89,"b:714:72:714:105:714:105:714:Infinity":90,"b:720:21:720:Infinity:721:22:731:Infinity":91,"f:740:41:740:55":55,"s:740:55:740:85":203,"f:749:151:749:156":56,"s:749:161:749:192":204,"f:754:78:754:93":57,"s:754:93:754:123":205,"b:763:58:763:104:763:99:763:104":92,"f:770:41:770:55":58,"s:770:55:770:85":206,"b:778:13:778:Infinity:779:14:825:Infinity":93,"f:792:72:792:77":59,"s:793:22:807:Infinity":207,"b:802:28:804:29:804:28:806:Infinity":94,"b:816:27:816:90:816:90:816:Infinity":95,"f:816:39:816:44":60,"s:816:49:816:85":208,"f:817:20:817:31":61,"s:817:37:817:Infinity":209,"b:817:65:817:77:817:77:817:81":96,"f:821:22:821:32":62,"s:821:42:821:Infinity":210,"f:829:78:829:93":63,"s:829:93:829:123":211,"f:836:16:836:31":64,"s:836:31:836:Infinity":212,"b:837:26:837:55:837:55:837:Infinity":97,"b:839:63:839:Infinity:839:87:839:Infinity":98,"f:845:41:845:55":65,"s:845:55:845:87":213,"b:850:11:850:Infinity:851:12:902:Infinity":99,"b:856:63:856:90:856:90:856:111":100,"b:858:93:858:119:858:119:858:121":101,"b:863:110:863:151:863:143:863:151":102,"b:864:104:864:145:864:145:864:166":103,"b:865:74:865:115:865:115:865:138":104,"b:866:66:866:95:866:95:866:114":105,"b:867:68:867:99:867:99:867:116":106,"b:870:15:870:Infinity:871:16:874:Infinity":107,"b:877:15:877:Infinity:878:16:881:Infinity":108,"b:887:67:887:102:887:102:887:207:887:207:887:228":109,"b:888:64:888:96:888:96:888:122":110,"b:891:19:891:60:891:60:891:Infinity:892:20:898:Infinity":111,"f:895:22:895:37":66,"s:895:37:895:Infinity":214,"f:906:38:906:53":67,"s:906:53:906:85":215},"fnNames":{}}}
,"C:\\Users\\braya\\Desktop\\Universidad\\5-Quinto Semestre\\FullStack 3\\Donaton-FullStack3\\donaton-frontend\\src\\components\\auth\\Registro.tsx": {"path":"C:\\Users\\braya\\Desktop\\Universidad\\5-Quinto Semestre\\FullStack 3\\Donaton-FullStack3\\donaton-frontend\\src\\components\\auth\\Registro.tsx","statementMap":{"0":{"start":{"line":15,"column":6},"end":{"line":243,"column":null}},"1":{"start":{"line":16,"column":22},"end":{"line":16,"column":null}},"2":{"start":{"line":17,"column":16},"end":{"line":17,"column":null}},"3":{"start":{"line":18,"column":27},"end":{"line":18,"column":null}},"4":{"start":{"line":19,"column":20},"end":{"line":19,"column":null}},"5":{"start":{"line":20,"column":8},"end":{"line":20,"column":null}},"6":{"start":{"line":21,"column":10},"end":{"line":21,"column":null}},"7":{"start":{"line":23,"column":30},"end":{"line":69,"column":null}},"8":{"start":{"line":24,"column":4},"end":{"line":24,"column":null}},"9":{"start":{"line":25,"column":4},"end":{"line":25,"column":null}},"10":{"start":{"line":27,"column":20},"end":{"line":41,"column":null}},"11":{"start":{"line":43,"column":4},"end":{"line":68,"column":null}},"12":{"start":{"line":44,"column":6},"end":{"line":44,"column":null}},"13":{"start":{"line":45,"column":6},"end":{"line":45,"column":null}},"14":{"start":{"line":47,"column":6},"end":{"line":58,"column":null}},"15":{"start":{"line":48,"column":25},"end":{"line":48,"column":null}},"16":{"start":{"line":49,"column":24},"end":{"line":49,"column":null}},"17":{"start":{"line":50,"column":8},"end":{"line":55,"column":null}},"18":{"start":{"line":57,"column":8},"end":{"line":57,"column":null}},"19":{"start":{"line":60,"column":6},"end":{"line":64,"column":null}},"20":{"start":{"line":61,"column":8},"end":{"line":61,"column":45}},"21":{"start":{"line":61,"column":45},"end":{"line":61,"column":null}},"22":{"start":{"line":63,"column":8},"end":{"line":63,"column":51}},"23":{"start":{"line":63,"column":51},"end":{"line":63,"column":null}},"24":{"start":{"line":65,"column":6},"end":{"line":65,"column":null}},"25":{"start":{"line":67,"column":6},"end":{"line":67,"column":null}},"26":{"start":{"line":71,"column":31},"end":{"line":120,"column":null}},"27":{"start":{"line":72,"column":4},"end":{"line":72,"column":null}},"28":{"start":{"line":73,"column":4},"end":{"line":73,"column":null}},"29":{"start":{"line":75,"column":20},"end":{"line":92,"column":null}},"30":{"start":{"line":94,"column":4},"end":{"line":119,"column":null}},"31":{"start":{"line":95,"column":6},"end":{"line":95,"column":null}},"32":{"start":{"line":96,"column":6},"end":{"line":96,"column":null}},"33":{"start":{"line":98,"column":6},"end":{"line":109,"column":null}},"34":{"start":{"line":99,"column":25},"end":{"line":99,"column":null}},"35":{"start":{"line":100,"column":24},"end":{"line":100,"column":null}},"36":{"start":{"line":101,"column":8},"end":{"line":106,"column":null}},"37":{"start":{"line":108,"column":8},"end":{"line":108,"column":null}},"38":{"start":{"line":111,"column":6},"end":{"line":115,"column":null}},"39":{"start":{"line":112,"column":8},"end":{"line":112,"column":45}},"40":{"start":{"line":112,"column":45},"end":{"line":112,"column":null}},"41":{"start":{"line":114,"column":8},"end":{"line":114,"column":51}},"42":{"start":{"line":114,"column":51},"end":{"line":114,"column":null}},"43":{"start":{"line":116,"column":6},"end":{"line":116,"column":null}},"44":{"start":{"line":118,"column":6},"end":{"line":118,"column":null}},"45":{"start":{"line":122,"column":8},"end":{"line":125,"column":null}},"46":{"start":{"line":123,"column":4},"end":{"line":123,"column":null}},"47":{"start":{"line":124,"column":4},"end":{"line":124,"column":null}},"48":{"start":{"line":127,"column":2},"end":{"line":241,"column":null}},"49":{"start":{"line":143,"column":67},"end":{"line":143,"column":81}},"50":{"start":{"line":155,"column":121},"end":{"line":155,"column":143}},"51":{"start":{"line":163,"column":112},"end":{"line":163,"column":135}},"52":{"start":{"line":165,"column":114},"end":{"line":165,"column":137}},"53":{"start":{"line":181,"column":45},"end":{"line":181,"column":null}},"54":{"start":{"line":183,"column":51},"end":{"line":183,"column":null}},"55":{"start":{"line":184,"column":51},"end":{"line":184,"column":null}},"56":{"start":{"line":198,"column":45},"end":{"line":198,"column":null}},"57":{"start":{"line":200,"column":51},"end":{"line":200,"column":null}},"58":{"start":{"line":201,"column":51},"end":{"line":201,"column":null}}},"fnMap":{"0":{"name":"(anonymous_0)","decl":{"start":{"line":15,"column":6},"end":{"line":15,"column":33}},"loc":{"start":{"line":15,"column":33},"end":{"line":243,"column":null}},"line":15},"1":{"name":"(anonymous_1)","decl":{"start":{"line":23,"column":30},"end":{"line":23,"column":37}},"loc":{"start":{"line":23,"column":69},"end":{"line":69,"column":null}},"line":23},"2":{"name":"(anonymous_2)","decl":{"start":{"line":71,"column":31},"end":{"line":71,"column":38}},"loc":{"start":{"line":71,"column":71},"end":{"line":120,"column":null}},"line":71},"3":{"name":"(anonymous_3)","decl":{"start":{"line":122,"column":8},"end":{"line":122,"column":33}},"loc":{"start":{"line":122,"column":33},"end":{"line":125,"column":null}},"line":122},"4":{"name":"(anonymous_4)","decl":{"start":{"line":143,"column":52},"end":{"line":143,"column":67}},"loc":{"start":{"line":143,"column":67},"end":{"line":143,"column":81}},"line":143},"5":{"name":"(anonymous_5)","decl":{"start":{"line":155,"column":106},"end":{"line":155,"column":121}},"loc":{"start":{"line":155,"column":121},"end":{"line":155,"column":143}},"line":155},"6":{"name":"(anonymous_6)","decl":{"start":{"line":163,"column":96},"end":{"line":163,"column":112}},"loc":{"start":{"line":163,"column":112},"end":{"line":163,
[...]
d":{"line":104,"column":null}},"type":"if","locations":[{"start":{"line":104,"column":2},"end":{"line":104,"column":null}},{"start":{},"end":{}}],"line":104},"19":{"loc":{"start":{"line":111,"column":4},"end":{"line":113,"column":null}},"type":"if","locations":[{"start":{"line":111,"column":4},"end":{"line":113,"column":null}},{"start":{},"end":{}}],"line":111},"20":{"loc":{"start":{"line":111,"column":8},"end":{"line":111,"column":32}},"type":"binary-expr","locations":[{"start":{"line":111,"column":8},"end":{"line":111,"column":23}},{"start":{"line":111,"column":23},"end":{"line":111,"column":32}}],"line":111},"21":{"loc":{"start":{"line":123,"column":14},"end":{"line":123,"column":null}},"type":"cond-expr","locations":[{"start":{"line":123,"column":36},"end":{"line":123,"column":62}},{"start":{"line":123,"column":62},"end":{"line":123,"column":null}}],"line":123},"22":{"loc":{"start":{"line":125,"column":2},"end":{"line":140,"column":null}},"type":"if","locations":[{"start":{"line":125,"column":2},"end":{"line":140,"column":null}},{"start":{},"end":{}}],"line":125},"23":{"loc":{"start":{"line":126,"column":18},"end":{"line":126,"column":null}},"type":"binary-expr","locations":[{"start":{"line":126,"column":18},"end":{"line":126,"column":43}},{"start":{"line":126,"column":43},"end":{"line":126,"column":null}}],"line":126},"24":{"loc":{"start":{"line":134,"column":6},"end":{"line":134,"column":null}},"type":"if","locations":[{"start":{"line":134,"column":6},"end":{"line":134,"column":null}},{"start":{},"end":{}}],"line":134},"25":{"loc":{"start":{"line":136,"column":6},"end":{"line":136,"column":null}},"type":"if","locations":[{"start":{"line":136,"column":6},"end":{"line":136,"column":null}},{"start":{},"end":{}}],"line":136},"26":{"loc":{"start":{"line":149,"column":2},"end":{"line":157,"column":null}},"type":"if","locations":[{"start":{"line":149,"column":2},"end":{"line":157,"column":null}},{"start":{},"end":{}}],"line":149},"27":{"loc":{"start":{"line":150,"column":4},"end":{"line":156,"column":null}},"type":"if","locations":[{"start":{"line":150,"column":4},"end":{"line":156,"column":null}},{"start":{"line":152,"column":11},"end":{"line":156,"column":null}}],"line":150},"28":{"loc":{"start":{"line":152,"column":11},"end":{"line":156,"column":null}},"type":"if","locations":[{"start":{"line":152,"column":11},"end":{"line":156,"column":null}},{"start":{"line":154,"column":11},"end":{"line":156,"column":null}}],"line":152},"29":{"loc":{"start":{"line":159,"column":2},"end":{"line":174,"column":null}},"type":"if","locations":[{"start":{"line":159,"column":2},"end":{"line":174,"column":null}},{"start":{},"end":{}}],"line":159},"30":{"loc":{"start":{"line":160,"column":18},"end":{"line":160,"column":null}},"type":"binary-expr","locations":[{"start":{"line":160,"column":18},"end":{"line":160,"column":43}},{"start":{"line":160,"column":43},"end":{"line":160,"column":null}}],"line":160},"31":{"loc":{"start":{"line":168,"column":6},"end":{"line":168,"column":null}},"type":"if","locations":[{"start":{"line":168,"column":6},"end":{"line":168,"column":null}},{"start":{},"end":{}}],"line":168},"32":{"loc":{"start":{"line":170,"column":6},"end":{"line":170,"column":null}},"type":"if","locations":[{"start":{"line":170,"column":6},"end":{"line":170,"column":null}},{"start":{},"end":{}}],"line":170},"33":{"loc":{"start":{"line":183,"column":2},"end":{"line":187,"column":null}},"type":"if","locations":[{"start":{"line":183,"column":2},"end":{"line":187,"column":null}},{"start":{},"end":{}}],"line":183},"34":{"loc":{"start":{"line":184,"column":18},"end":{"line":184,"column":null}},"type":"binary-expr","locations":[{"start":{"line":184,"column":18},"end":{"line":184,"column":43}},{"start":{"line":184,"column":43},"end":{"line":184,"column":null}}],"line":184},"35":{"loc":{"start":{"line":185,"column":33},"end":{"line":185,"column":92}},"type":"binary-expr","locations":[{"start":{"line":185,"column":33},"end":{"line":185,"column":88}},{"start":{"line":185,"column":88},"end":{"line":185,"column":92}}],"line":185},"36":{"loc":{"start":{"line":191,"column":21},"end":{"line":191,"column":51}},"type":"binary-expr","locations":[{"start":{"line":191,"column":21},"end":{"line":191,"column":47}},{"start":{"line":191,"column":47},"end":{"line":191,"column":51}}],"line":191},"37":{"loc":{"start":{"line":192,"column":22},"end":{"line":192,"column":46}},"type":"binary-expr","locations":[{"start":{"line":192,"column":22},"end":{"line":192,"column":42}},{"start":{"line":192,"column":42},"end":{"line":192,"column":46}}],"line":192},"38":{"loc":{"start":{"line":193,"column":22},"end":{"line":193,"column":58}},"type":"binary-expr","locations":[{"start":{"line":193,"column":22},"end":{"line":193,"column":54}},{"start":{"line":193,"column":54},"end":{"line":193,"column":58}}],"line":193},"39":{"loc":{"start":{"line":196,"column":2},"end":{"line":196,"column":null}},"type":"if","locations":[{"start":{"line":196,"column":2},"end":{"line":196,"column":null}},{"start":{},"end":{}}],"line":196},"40":{"loc":{"start":{"line":197,"column":2},"end":{"line":197,"column":null}},"type":"if","locations":[{"start":{"line":197,"column":2},"end":{"line":197,"column":null}},{"start":{},"end":{}}],"line":197},"41":{"loc":{"start":{"line":198,"column":2},"end":{"line":198,"column":null}},"type":"if","locations":[{"start":{"line":198,"column":2},"end":{"line":198,"column":null}},{"start":{},"end":{}}],"line":198},"42":{"loc":{"start":{"line":199,"column":2},"end":{"line":199,"column":null}},"type":"if","locations":[{"start":{"line":199,"column":2},"end":{"line":199,"column":null}},{"start":{},"end":{}}],"line":199},"43":{"loc":{"start":{"line":199,"column":6},"end":{"line":199,"column":42}},"type":"binary-expr","locations":[{"start":{"line":199,"column":6},"end":{"line":199,"column":25}},{"start":{"line":199,"column":25},"end":{"line":199,"column":42}}],"line":199},"44":{"loc":{"start":{"line":205,"column":2},"end":{"line":210,"column":null}},"type":"if","locations":[{"start":{"line":205,"column":2},"end":{"line":210,"column":null}},{"start":{},"end":{}}],"line":205},"45":{"loc":{"start":{"line":206,"column":4},"end":{"line":209,"column":null}},"type":"if","locations":[{"start":{"line":206,"column":4},"end":{"line":209,"column":null}},{"start":{"line":207,"column":9},"end":{"line":209,"column":null}}],"line":206},"46":{"loc":{"start":{"line":207,"column":9},"end":{"line":209,"column":null}},"type":"if","locations":[{"start":{"line":207,"column":9},"end":{"line":209,"column":null}},{"start":{"line":208,"column":9},"end":{"line":209,"column":null}}],"line":207},"47":{"loc":{"start":{"line":208,"column":9},"end":{"line":209,"column":null}},"type":"if","locations":[{"start":{"line":208,"column":9},"end":{"line":209,"column":null}},{"start":{"line":209,"column":9},"end":{"line":209,"column":null}}],"line":208},"48":{"loc":{"start":{"line":209,"column":9},"end":{"line":209,"column":null}},"type":"if","locations":[{"start":{"line":209,"column":9},"end":{"line":209,"column":null}},{"start":{},"end":{}}],"line":209},"49":{"loc":{"start":{"line":220,"column":2},"end":{"line":224,"column":null}},"type":"if","locations":[{"start":{"line":220,"column":2},"end":{"line":224,"column":null}},{"start":{},"end":{}}],"line":220},"50":{"loc":{"start":{"line":221,"column":18},"end":{"line":221,"column":null}},"type":"binary-expr","locations":[{"start":{"line":221,"column":18},"end":{"line":221,"column":43}},{"start":{"line":221,"column":43},"end":{"line":221,"column":null}}],"line":221},"51":{"loc":{"start":{"line":222,"column":33},"end":{"line":222,"column":80}},"type":"binary-expr","locations":[{"start":{"line":222,"column":33},"end":{"line":222,"column":76}},{"start":{"line":222,"column":76},"end":{"line":222,"column":80}}],"line":222},"52":{"loc":{"start":{"line":228,"column":2},"end":{"line":228,"column":null}},"type":"if","locations":[{"start":{"line":228,"column":2},"end":{"line":228,"column":null}},{"start":{},"end":{}}],"line":228},"53":{"loc":{"start":{"line":232,"column":2},"end":{"line":232,"column":null}},"type":"if","locations":[{"start":{"line":232,"column":2},"end":{"line":232,"column":null}},{"start":{},"end":{}}],"line":232},"54":{"loc":{"start":{"line":232,"column":6},"end":{"line":232,"column":62}},"type":"binary-expr","locations":[{"start":{"line":232,"column":6},"end":{"line":232,"column":26}},{"start":{"line":232,"column":26},"end":{"line":232,"column":39}},{"start":{"line":232,"column":39},"end":{"line":232,"column":52}},{"start":{"line":232,"column":52},"end":{"line":232,"column":62}}],"line":232},"55":{"loc":{"start":{"line":233,"column":2},"end":{"line":233,"column":null}},"type":"if","locations":[{"start":{"line":233,"column":2},"end":{"line":233,"column":null}},{"start":{},"end":{}}],"line":233},"56":{"loc":{"start":{"line":237,"column":2},"end":{"line":237,"column":null}},"type":"if","locations":[{"start":{"line":237,"column":2},"end":{"line":237,"column":null}},{"start":{},"end":{}}],"line":237},"57":{"loc":{"start":{"line":237,"column":6},"end":{"line":237,"column":62}},"type":"binary-expr","locations":[{"start":{"line":237,"column":6},"end":{"line":237,"column":26}},{"start":{"line":237,"column":26},"end":{"line":237,"column":39}},{"start":{"line":237,"column":39},"end":{"line":237,"column":52}},{"start":{"line":237,"column":52},"end":{"line":237,"column":62}}],"line":237},"58":{"loc":{"start":{"line":238,"column":2},"end":{"line":238,"column":null}},"type":"if","locations":[{"start":{"line":238,"column":2},"end":{"line":238,"column":null}},{"start":{},"end":{}}],"line":238}},"s":{"0":2,"1":14,"2":2,"3":12,"4":2,"5":10,"6":10,"7":2,"8":8,"9":1,"10":7,"11":7,"12":7,"13":2,"14":5,"15":1,"16":4,"17":2,"18":11,"19":11,"20":11,"21":1,"22":10,"23":8,"24":2,"25":122,"26":2,"27":9,"28":9,"29":2,"30":10,"31":1,"32":9,"33":9,"34":1,"35":8,"36":8,"37":8,"38":8,"39":2,"40":8,"41":8,"42":2,"43":8,"44":8,"45":8,"46":8,"47":57,"48":8,"49":2,"50":3,"51":0,"52":3,"53":3,"54":3,"55":3,"56":3,"57":3,"58":3,"59":2,"60":2,"61":1,"62":1,"63":1,"64":1,"65":1,"66":1,"67":1,"68":8,"69":8,"70":2,"71":1,"72":2,"73":2,"74":2,"75":2,"76":2,"77":2,"78":1,"79":1,"80":1,"81":1,"82":1,"83":1,"84":12,"85":9,"86":12,"87":12,"88":1,"89":1,"90":2,"91":3,"92":3,"93":3,"94":3,"95":3,"96":3,"97":1,"98":2,"99":1,"100":1,"101":3,"102":2,"103":2,"104":2,"105":2,"106":2,"107":2,"108":16,"109":13,"110":16,"111":16,"112":1,"113":2,"114":2,"115":2,"116":2,"117":2,"118":2,"119":3,"120":2,"121":2,"122":2,"123":2,"124":2,"125":5,"126":5,"127":5,"128":5,"129":5,"130":3,"131":5,"132":3,"133":5,"134":2,"135":5,"136":1,"137":5,"138":5,"139":5,"140":5,"141":4,"142":1,"143":1,"144":1,"145":3,"146":1,"147":1,"148":1,"149":2,"150":1,"151":1,"152":1,"153":1,"154":1,"155":1,"156":1,"157":5,"158":2,"159":1,"160":1,"161":1,"162":1,"163":1,"164":1,"165":1,"166":2,"167":1,"168":1,"169":2,"170":2,"171":0,"172":2,"173":1,"174":2,"175":3,"176":1,"177":2,"178":1},"f":{"0":14,"1":8,"2":11,"3":122,"4":9,"5":10,"6":8,"7":8,"8":3,"9":2,"10":2,"11":3,"12":2,"13":3,"14":5,"15":1,"16":1,"17":2,"18":3},"b":{"0":[2,12],"1":[14,13],"2":[2,10],"3":[1,7],"4":[2,5],"5":[7,6],"6":[1,4],"7":[5,4],"8":[1,10],"9":[8,2],"10":[9,6],"11":[1,9],"12":[1,8],"13":[8,6],"14":[8,0],"15":[0,3],"16":[3,0],"17":[0,3],"18":[1,1],"19":[2,6],"20":[8,2],"21":[2,0],"22":[1,1],"23":[1,0],"24":[9,3],"25":[1,11],"26":[3,0],"27":[1,2],"28":[1,1],"29":[2,1],"30":[2,0],"31":[13,3],"32":[1,15],"33":[2,0],"34":[2,0],"35":[2,1],"36":[5,1],"37":[5,2],"38":[5,4],"39":[3,2],"40":[3,2],"41":[2,3],"42":[1,4],"43":[5,2],"44":[4,1],"45":[1,3],"46":[1,2],"47":[1,1],"48":[1,0],"49":[1,0],"50":[1,0],"51":[1,0],"52":[1,0],"53":[0,2],"54":[2,2,2,2],"55":[1,1],"56":[1,2],"57":[3,3,2,2],"58":[1,1]},"meta":{"lastBranch":59,"lastFunction":19,"lastStatement":179,"seen":{"s:3:13:8:Infinity":0,"f:3:13:3:31":0,"b:4:2:4:Infinity:undefined:undefined:undefined:undefined":0,"s:4:2:4:Infinity":1,"b:4:6:4:17:4:17:4:45":1,"s:4:45:4:Infinity":2,"b:5:2:5:Infinity:undefined:undefined:undefined:undefined":2,"s:5:2:5:Infinity":3,"s:5:40:5:Infinity":4,"s:6:19:6:Infinity":5,"s:7:2:7:Infinity":6,"s:10:13:20:Infinity":7,"f:10:13:10:32":1,"b:11:2:11:Infinity:undefined:undefined:undefined:undefined":3,"s:11:2:11:Infinity":8,"s:11:71:11:Infinity":9,"s:13:18:13:Infinity":10,"s:14:18:14:Infinity":11,"b:16:2:16:Infinity:undefined:undefined:undefined:undefined":4,"s:16:2:16:Infinity":12,"b:16:6:16:18:16:18:16:38":5,"s:16:38:16:Infinity":13,"b:17:2:17:Infinity:undefined:undefined:undefined:undefined":6,"s:17:2:17:Infinity":14,"b:17:6:17:18:17:18:17:38":7,"s:17:38:17:Infinity":15,"s:19:2:19:Infinity":16,"s:22:13:48:Infinity":17,"f:22:13:22:36":2,"s:23:25:41:Infinity":18,"s:42:17:42:Infinity":19,"b:44:2:44:Infinity:undefined:undefined:undefined:undefined":8,"s:44:2:44:Infinity":20,"s:44:15:44:Infinity":21,"b:45:2:45:Infinity:undefined:undefined:undefined:undefined":9,"s:45:2:45:Infinity":22,"s:45:39:45:Infinity":23,"s:47:2:47:Infinity":24,"f:47:24:47:29":3,"s:47:34:47:58":25,"s:50:13:53:Infinity":26,"f:50:13:50:32":4,"s:51:14:51:Infinity":27,"s:52:2:52:Infinity":28,"b:52:9:52:28:52:28:52:Infinity":10,"s:55:13:67:Infinity":29,"f:55:13:55:34":5,"b:56:2:56:Infinity:undefined:undefined:undefined:undefined":11,"s:56:2:56:Infinity":30,"s:56:20:56:Infinity":31,"s:58:20:58:Infinity":32,"b:60:2:60:Infinity:undefined:undefined:undefined:undefined":12,"s:60:2:60:Infinity":33,"s:60:39:60:Infinity":34,"s:62:14:62:Infinity":35,"s:63:15:63:Infinity":36,"s:64:14:64:Infinity":37,"s:66:2:66:Infinity":38,"s:69:13:72:Infinity":39,"f:69:13:69:34":6,"s:70:20:70:Infinity":40,"s:71:2:71:Infinity":41,"b:71:9:71:34:71:34:71:Infinity":13,"s:74:6:82:Infinity":42,"f:74:6:74:35":7,"s:75:10:75:Infinity":43,"s:76:10:76:Infinity":44,"s:77:10:77:Infinity":45,"s:78:2:80:Infinity":46,"s:79:4:79:Infinity":47,"s:81:2:81:Infinity":48,"b:81:9:81:34:81:34:81:Infinity":14,"s:84:6:101:Infinity":49,"f:84:6:84:Infinity":8,"b:89:2:89:Infinity:undefined:undefined:undefined:undefined":15,"s:89:2:89:Infinity":50,"s:89:31:89:Infinity":51,"s:91:16:91:Infinity":52,"s:92:14:92:Infinity":53,"s:94:2:94:Infinity":54,"b:96:2:100:Infinity:undefined:undefined:undefined:undefined":16,"s:96:2:100:Infinity":55,"s:97:21:97:Infinity":56,"s:98:19:98:Infinity":57,"b:98:34:98:45:98:45:98:Infinity":17,"s:99:4:99:Infinity":58,"s:103:6:116:Infinity":59,"f:103:6:103:23":9,"b:104:2:104:Infinity:undefined:undefined:undefined:undefined":18,"s:104:2:104:Infinity":60,"s:104:28:104:Infinity":61,"s:105:13:105:Infinity":62,"s:106:18:106:Infinity":63,"s:108:22:108:Infinity":64,"s:109:2:114:Infinity":65,"s:109:15:109:35":66,"s:109:39:109:42":67,"s:110:4:110:Infinity":68,"b:111:4:113:Infinity:undefined:undefined:undefined:undefined":19,"s:111:4:113:Infinity":69,"b:111:8:111:23:111:23:111:32":20,"s:112:6:112:Infinity":70,"s:115:2:115:Infinity":71,"s:118:13:141:Infinity":72,"f:118:13:118:31":10,"s:119:17:119:Infinity":73,"s:120:17:120:Infinity":74,"s:122:19:122:Infinity":75,"s:123:14:123:Infinity":76,"b:123:36:123:62:123:62:123:Infinity":21,"b:125:2:140:Infinity:undefined:undefined:undefined:undefined":22,"s:125:2:140:Infinity":77,"s:126:18:126:Infinity":78,"b:126:18:126:43:126:43:126:Infinity":23,"s:127:28:127:Infinity":79,"s:129:4:129:Infinity":80,"s:131:23:131:Infinity":81,"s:132:19:132:Infinity":82,"s:133:4:137:Infinity":83,"b:134:6:134:Infinity:undefined:undefined:undefined:undefined":24,"s:134:6:134:Infinity":84,"s:134:32:134:Infinity":85,"s:135:6:135:Infinity":86,"b:136:6:136:Infinity:undefined:undefined:undefined:undefined":25,"s:136:6:136:Infinity":87,"s:136:40:136:Infinity":88,"s:139:4:139:Infinity":89,"s:143:13:175:Infinity":90,"f:143:13:143:33":11,"s:144:17:144:Infinity":91,"s:145:17:145:Infinity":92,"s:146:19:146:Infinity":93,"s:147:15:147:Infinity":94,"b:149:2:157:Infinity:undefined:undefined:undefined:undefined":26,"s:149:2:157:Infinity":95,"b:150:4:156:Infinity:152:11:156:Infinity":27,"s:150:4:156:Infinity":96,"s:151:6:151:Infinity":97,"b:152:11:156:Infinity:154:11:156:Infinity":28,"s:152:11:156:Infinity":98,"s:153:6:153:Infinity":99,"s:155:6:155:Infinity":100,"b:159:2:174:Infinity:undefined:undefined:undefined:undefined":29,"s:159:2:174:Infinity":101,"s:160:18:160:Infinity":102,"b:160:18:160:43:160:43:160:Infinity":30,"s:161:28:161:Infinity":103,"s:163:4:163:Infinity":104,"s:165:23:165:Infinity":105,"s:166:19:166:Infinity":106,"s:167:4:171:Infinity":107,"b:168:6:168:Infinity:undefined:undefined:undefined:undefined":31,"s:168:6:168:Infinity":108,"s:168:27:168:Infinity":109,"s:169:6:169:Infinity":110,"b:170:6:170:Infinity:undefined:undefined:undefined:undefined":32,"s:170:6:170:Infinity":111,"s:170:40:170:Infinity":112,"s:173:4:173:Infinity":113,"s:177:13:188:Infinity":114,"f:177:13:177:32":12,"s:178:17:178:Infinity":115,"s:179:17:179:Infinity":116,"s:180:15:180:Infinity":117,"s:181:2:181:Infinity":118,"f:181:26:181:51":13,"s:181:75:181:101":119,"b:183:2:187:Infinity:undefined:undefined:undefined:undefined":33,"s:183:2:187:Infinity":120,"s:184:18:184:Infinity":121,"b:184:18:184:43:184:43:184:Infinity":34,"s:185:10:185:Infinity":122,"b:185:33:185:88:185:88:185:92":35,"s:186:4:186:Infinity":123,"s:190:13:213:Infinity":124,"f:190:13:190:36":14,"s:191:8:191:Infinity":125,"b:191:21:191:47:191:47:191:51":36,"s:192:8:192:Infinity":126,"b:192:22:192:42:192:42:192:46":37,"s:193:8:193:Infinity":127,"b:193:22:193:54:193:54:193:58":38,"s:195:22:195:Infinity":128,"b:196:2:196:Infinity:undefined:undefined:undefined:undefined":39,"s:196:2:196:Infinity":129,"s:196:23:196:Infinity":130,"b:197:2:197:Infinity:undefined:undefined:undefined:undefined":40,"s:197:2:197:Infinity":131,"s:197:22:197:Infinity":132,"b:198:2:198:Infinity:undefined:undefined:undefined:undefined":41,"s:198:2:198:Infinity":133,"s:198:23:198:Infinity":134,"b:199:2:199:Infinity:undefined:undefined:undefined:undefined":42,"s:199:2:199:Infinity":135,"b:199:6:199:25:199:25:199:42":43,"s:199:42:199:Infinity":136,"s:201:22:201:Infinity":137,"s:202:22:202:Infinity":138,"s:203:22:203:Infinity":139,"b:205:2:210:Infinity:undefined:undefined:undefined:undefined":44,"s:205:2:210:Infinity":140,"b:206:4:209:Infinity:207:9:209:Infinity":45,"s:206:4:209:Infinity":141,"s:206:30:206:59":142,"s:206:59:206:82":143,"s:206:82:206:107":144,"b:207:9:209:Infinity:208:9:209:Infinity":46,"s:207:9:209:Infinity":145,"s:207:36:207:66":146,"s:207:66:207:89":147,"s:207:89:207:114":148,"b:208:9:209:Infinity:209:9:209:Infinity":47,"s:208:9:209:Infinity":149,"s:208:36:208:63":150,"s:208:63:208:86":151,"s:208:86:208:111":152,"b:209:9:209:Infinity:undefined:undefined:undefined:undefined":48,"s:209:9:209:Infinity":153,"s:209:36:209:66":154,"s:209:66:209:90":155,"s:209:90:209:116":156,"s:212:2:212:Infinity":157,"s:215:13:225:Infinity":158,"f:215:13:215:35":15,"s:216:17:216:Infinity":159,"s:217:17:217:Infinity":160,"s:218:17:218:Infinity":161,"b:220:2:224:Infinity:undefined:undefined:undefined:undefined":49,"s:220:2:224:Infinity":162,"s:221:18:221:Infinity":163,"b:221:18:221:43:221:43:221:Infinity":50,"s:222:10:222:Infinity":164,"b:222:33:222:76:222:76:222:80":51,"s:223:4:223:Infinity":165,"s:227:13:229:Infinity":166,"f:227:13:227:36":16,"b:228:2:228:Infinity:undefined:undefined:undefined:undefined":52,"s:228:2:228:Infinity":167,"s:228:21:228:Infinity":168,"s:231:13:234:Infinity":169,"f:231:13:231:34":17,"b:232:2:232:Infinity:undefined:undefined:undefined:undefined":53,"s:232:2:232:Infinity":170,"b:232:6:232:26:232:26:232:39:232:39:232:52:232:52:232:62":54,"s:232:62:232:Infinity":171,"b:233:2:233:Infinity:undefined:undefined:undefined:undefined":55,"s:233:2:233:Infinity":172,"s:233:32:233:Infinity":173,"s:236:13:239:Infinity":174,"f:236:13:236:36":18,"b:237:2:237:Infinity:undefined:undefined:undefined:undefined":56,"s:237:2:237:Infinity":175,"b:237:6:237:26:237:26:237:39:237:39:237:52:237:52:237:62":57,"s:237:62:237:Infinity":176,"b:238:2:238:Infinity:undefined:undefined:undefined:undefined":58,"s:238:2:238:Infinity":177,"s:238:25:238:Infinity":178},"fnNames":{}}}
}
